This file contains any messages produced by compilers while
running configure, to aid debugging if configure makes a mistake.

It was created by OPAL configure 3.19alpha5, which was
generated by GNU Autoconf 2.69.  Invocation command line was

  $ /home/ajoi1011/proyecto/opal/configure --disable-iax2 --disable-h450 --disable-h460 --disable-h460nat --disable-h501 --disable-skinny --enable-openssl

## --------- ##
## Platform. ##
## --------- ##

hostname = debian
uname -m = i686
uname -r = 3.16.0-6-686-pae
uname -s = Linux
uname -v = #1 SMP Debian 3.16.56-1+deb8u1 (2018-05-08)

/usr/bin/uname -p = unknown
/bin/uname -X     = unknown

/bin/arch              = unknown
/usr/bin/arch -k       = unknown
/usr/convex/getsysinfo = unknown
/usr/bin/hostinfo      = unknown
/bin/machine           = unknown
/usr/bin/oslevel       = unknown
/bin/universe          = unknown

PATH: /usr/local/bin
PATH: /usr/bin
PATH: /bin
PATH: /usr/local/games
PATH: /usr/games


## ----------- ##
## Core tests. ##
## ----------- ##

configure:2800: checking for pkg-config
configure:2818: found /usr/bin/pkg-config
configure:2830: result: /usr/bin/pkg-config
configure:2855: checking pkg-config is at least version 0.9.0
configure:2858: result: yes
configure:2883: checking build system type
configure:2897: result: i686-pc-linux-gnu
configure:2917: checking host system type
configure:2930: result: i686-pc-linux-gnu
configure:2950: checking target system type
configure:2963: result: i686-pc-linux-gnu
configure:3065: checking for gcc
configure:3081: found /usr/bin/gcc
configure:3092: result: gcc
configure:3321: checking for C compiler version
configure:3330: gcc --version >&5
gcc (Debian 4.9.2-10+deb8u1) 4.9.2
Copyright (C) 2014 Free Software Foundation, Inc.
This is free software; see the source for copying conditions.  There is NO
warranty; not even for MERCHANTABILITY or FITNESS FOR A PARTICULAR PURPOSE.

configure:3341: $? = 0
configure:3330: gcc -v >&5
Using built-in specs.
COLLECT_GCC=gcc
COLLECT_LTO_WRAPPER=/usr/lib/gcc/i586-linux-gnu/4.9/lto-wrapper
Target: i586-linux-gnu
Configured with: ../src/configure -v --with-pkgversion='Debian 4.9.2-10+deb8u1' --with-bugurl=file:///usr/share/doc/gcc-4.9/README.Bugs --enable-languages=c,c++,java,go,d,fortran,objc,obj-c++ --prefix=/usr --program-suffix=-4.9 --enable-shared --enable-linker-build-id --libexecdir=/usr/lib --without-included-gettext --enable-threads=posix --with-gxx-include-dir=/usr/include/c++/4.9 --libdir=/usr/lib --enable-nls --with-sysroot=/ --enable-clocale=gnu --enable-libstdcxx-debug --enable-libstdcxx-time=yes --enable-gnu-unique-object --disable-vtable-verify --enable-plugin --with-system-zlib --disable-browser-plugin --enable-java-awt=gtk --enable-gtk-cairo --with-java-home=/usr/lib/jvm/java-1.5.0-gcj-4.9-i386/jre --enable-java-home --with-jvm-root-dir=/usr/lib/jvm/java-1.5.0-gcj-4.9-i386 --with-jvm-jar-dir=/usr/lib/jvm-exports/java-1.5.0-gcj-4.9-i386 --with-arch-directory=i386 --with-ecj-jar=/usr/share/java/eclipse-ecj.jar --enable-objc-gc --enable-targets=all --enable-multiarch --with-arch-32=i586 --with-multilib-list=m32,m64,mx32 --enable-multilib --with-tune=generic --enable-checking=release --build=i586-linux-gnu --host=i586-linux-gnu --target=i586-linux-gnu
Thread model: posix
gcc version 4.9.2 (Debian 4.9.2-10+deb8u1) 
configure:3341: $? = 0
configure:3330: gcc -V >&5
gcc: error: unrecognized command line option '-V'
gcc: fatal error: no input files
compilation terminated.
configure:3341: $? = 4
configure:3330: gcc -qversion >&5
gcc: error: unrecognized command line option '-qversion'
gcc: fatal error: no input files
compilation terminated.
configure:3341: $? = 4
configure:3361: checking whether the C compiler works
configure:3383: gcc    conftest.c  >&5
configure:3387: $? = 0
configure:3435: result: yes
configure:3438: checking for C compiler default output file name
configure:3440: result: a.out
configure:3446: checking for suffix of executables
configure:3453: gcc -o conftest    conftest.c  >&5
configure:3457: $? = 0
configure:3479: result: 
configure:3501: checking whether we are cross compiling
configure:3509: gcc -o conftest    conftest.c  >&5
configure:3513: $? = 0
configure:3520: ./conftest
configure:3524: $? = 0
configure:3539: result: no
configure:3544: checking for suffix of object files
configure:3566: gcc -c   conftest.c >&5
configure:3570: $? = 0
configure:3591: result: o
configure:3595: checking whether we are using the GNU C compiler
configure:3614: gcc -c   conftest.c >&5
configure:3614: $? = 0
configure:3623: result: yes
configure:3632: checking whether gcc accepts -g
configure:3652: gcc -c -g  conftest.c >&5
configure:3652: $? = 0
configure:3693: result: yes
configure:3710: checking for gcc option to accept ISO C89
configure:3773: gcc  -c -g -O2  conftest.c >&5
configure:3773: $? = 0
configure:3786: result: none needed
configure:3864: checking for g++
configure:3880: found /usr/bin/g++
configure:3891: result: g++
configure:3918: checking for C++ compiler version
configure:3927: g++ --version >&5
g++ (Debian 4.9.2-10+deb8u1) 4.9.2
Copyright (C) 2014 Free Software Foundation, Inc.
This is free software; see the source for copying conditions.  There is NO
warranty; not even for MERCHANTABILITY or FITNESS FOR A PARTICULAR PURPOSE.

configure:3938: $? = 0
configure:3927: g++ -v >&5
Using built-in specs.
COLLECT_GCC=g++
COLLECT_LTO_WRAPPER=/usr/lib/gcc/i586-linux-gnu/4.9/lto-wrapper
Target: i586-linux-gnu
Configured with: ../src/configure -v --with-pkgversion='Debian 4.9.2-10+deb8u1' --with-bugurl=file:///usr/share/doc/gcc-4.9/README.Bugs --enable-languages=c,c++,java,go,d,fortran,objc,obj-c++ --prefix=/usr --program-suffix=-4.9 --enable-shared --enable-linker-build-id --libexecdir=/usr/lib --without-included-gettext --enable-threads=posix --with-gxx-include-dir=/usr/include/c++/4.9 --libdir=/usr/lib --enable-nls --with-sysroot=/ --enable-clocale=gnu --enable-libstdcxx-debug --enable-libstdcxx-time=yes --enable-gnu-unique-object --disable-vtable-verify --enable-plugin --with-system-zlib --disable-browser-plugin --enable-java-awt=gtk --enable-gtk-cairo --with-java-home=/usr/lib/jvm/java-1.5.0-gcj-4.9-i386/jre --enable-java-home --with-jvm-root-dir=/usr/lib/jvm/java-1.5.0-gcj-4.9-i386 --with-jvm-jar-dir=/usr/lib/jvm-exports/java-1.5.0-gcj-4.9-i386 --with-arch-directory=i386 --with-ecj-jar=/usr/share/java/eclipse-ecj.jar --enable-objc-gc --enable-targets=all --enable-multiarch --with-arch-32=i586 --with-multilib-list=m32,m64,mx32 --enable-multilib --with-tune=generic --enable-checking=release --build=i586-linux-gnu --host=i586-linux-gnu --target=i586-linux-gnu
Thread model: posix
gcc version 4.9.2 (Debian 4.9.2-10+deb8u1) 
configure:3938: $? = 0
configure:3927: g++ -V >&5
g++: error: unrecognized command line option '-V'
g++: fatal error: no input files
compilation terminated.
configure:3938: $? = 4
configure:3927: g++ -qversion >&5
g++: error: unrecognized command line option '-qversion'
g++: fatal error: no input files
compilation terminated.
configure:3938: $? = 4
configure:3942: checking whether we are using the GNU C++ compiler
configure:3961: g++ -c   conftest.cpp >&5
configure:3961: $? = 0
configure:3970: result: yes
configure:3979: checking whether g++ accepts -g
configure:3999: g++ -c -g  conftest.cpp >&5
configure:3999: $? = 0
configure:4040: result: yes
configure:4072: checking whether ln -s works
configure:4076: result: yes
configure:4126: checking for ranlib
configure:4142: found /usr/bin/ranlib
configure:4153: result: ranlib
configure:4179: checking for svn
configure:4197: found /usr/bin/svn
configure:4209: result: /usr/bin/svn
configure:4219: checking for git
configure:4237: found /usr/bin/git
configure:4249: result: /usr/bin/git
configure:4272: checking for a BSD-compatible install
configure:4340: result: /usr/bin/install -c
configure:4351: checking install support for -C
configure:4356: result: yes
configure:4410: checking for ar
configure:4426: found /usr/bin/ar
configure:4437: result: ar
configure:4503: checking for strip
configure:4519: found /usr/bin/strip
configure:4530: result: strip
configure:4595: checking for objcopy
configure:4611: found /usr/bin/objcopy
configure:4622: result: objcopy
configure:4686: checking for dsymutil
configure:4716: result: no
configure:4741: checking how to run the C preprocessor
configure:4772: gcc -E  conftest.c
configure:4772: $? = 0
configure:4786: gcc -E  conftest.c
conftest.c:9:28: fatal error: ac_nonexistent.h: No such file or directory
 #include <ac_nonexistent.h>
                            ^
compilation terminated.
configure:4786: $? = 1
configure: failed program was:
| /* confdefs.h */
| #define PACKAGE_NAME "OPAL"
| #define PACKAGE_TARNAME "opal"
| #define PACKAGE_VERSION "3.19alpha5"
| #define PACKAGE_STRING "OPAL 3.19alpha5"
| #define PACKAGE_BUGREPORT ""
| #define PACKAGE_URL ""
| /* end confdefs.h.  */
| #include <ac_nonexistent.h>
configure:4811: result: gcc -E
configure:4831: gcc -E  conftest.c
configure:4831: $? = 0
configure:4845: gcc -E  conftest.c
conftest.c:9:28: fatal error: ac_nonexistent.h: No such file or directory
 #include <ac_nonexistent.h>
                            ^
compilation terminated.
configure:4845: $? = 1
configure: failed program was:
| /* confdefs.h */
| #define PACKAGE_NAME "OPAL"
| #define PACKAGE_TARNAME "opal"
| #define PACKAGE_VERSION "3.19alpha5"
| #define PACKAGE_STRING "OPAL 3.19alpha5"
| #define PACKAGE_BUGREPORT ""
| #define PACKAGE_URL ""
| /* end confdefs.h.  */
| #include <ac_nonexistent.h>
configure:4874: checking for grep that handles long lines and -e
configure:4932: result: /bin/grep
configure:4937: checking for egrep
configure:4999: result: /bin/grep -E
configure:5004: checking for ANSI C header files
configure:5024: gcc -c   conftest.c >&5
configure:5024: $? = 0
configure:5097: gcc -o conftest    conftest.c  >&5
configure:5097: $? = 0
configure:5097: ./conftest
configure:5097: $? = 0
configure:5108: result: yes
configure:5121: checking for sys/types.h
configure:5121: gcc -c   conftest.c >&5
configure:5121: $? = 0
configure:5121: result: yes
configure:5121: checking for sys/stat.h
configure:5121: gcc -c   conftest.c >&5
configure:5121: $? = 0
configure:5121: result: yes
configure:5121: checking for stdlib.h
configure:5121: gcc -c   conftest.c >&5
configure:5121: $? = 0
configure:5121: result: yes
configure:5121: checking for string.h
configure:5121: gcc -c   conftest.c >&5
configure:5121: $? = 0
configure:5121: result: yes
configure:5121: checking for memory.h
configure:5121: gcc -c   conftest.c >&5
configure:5121: $? = 0
configure:5121: result: yes
configure:5121: checking for strings.h
configure:5121: gcc -c   conftest.c >&5
configure:5121: $? = 0
configure:5121: result: yes
configure:5121: checking for inttypes.h
configure:5121: gcc -c   conftest.c >&5
configure:5121: $? = 0
configure:5121: result: yes
configure:5121: checking for stdint.h
configure:5121: gcc -c   conftest.c >&5
configure:5121: $? = 0
configure:5121: result: yes
configure:5121: checking for unistd.h
configure:5121: gcc -c   conftest.c >&5
configure:5121: $? = 0
configure:5121: result: yes
configure:5137: checking size of int
configure:5142: gcc -o conftest    conftest.c  >&5
configure:5142: $? = 0
configure:5142: ./conftest
configure:5142: $? = 0
configure:5156: result: 4
configure:5166: checking for int8_t
configure:5166: gcc -c   conftest.c >&5
configure:5166: $? = 0
configure:5166: gcc -c   conftest.c >&5
conftest.c: In function 'main':
conftest.c:57:12: error: size of array 'test_array' is negative
 static int test_array [1 - 2 * !((int8_t) (((((int8_t) 1 << N) << N) - 1) * 2 + 1)
            ^
configure:5166: $? = 1
configure: failed program was:
| /* confdefs.h */
| #define PACKAGE_NAME "OPAL"
| #define PACKAGE_TARNAME "opal"
| #define PACKAGE_VERSION "3.19alpha5"
| #define PACKAGE_STRING "OPAL 3.19alpha5"
| #define PACKAGE_BUGREPORT ""
| #define PACKAGE_URL ""
| #define STDC_HEADERS 1
| #define HAVE_SYS_TYPES_H 1
| #define HAVE_SYS_STAT_H 1
| #define HAVE_STDLIB_H 1
| #define HAVE_STRING_H 1
| #define HAVE_MEMORY_H 1
| #define HAVE_STRINGS_H 1
| #define HAVE_INTTYPES_H 1
| #define HAVE_STDINT_H 1
| #define HAVE_UNISTD_H 1
| #define SIZEOF_INT 4
| /* end confdefs.h.  */
| #include <stdio.h>
| #ifdef HAVE_SYS_TYPES_H
| # include <sys/types.h>
| #endif
| #ifdef HAVE_SYS_STAT_H
| # include <sys/stat.h>
| #endif
| #ifdef STDC_HEADERS
| # include <stdlib.h>
| # include <stddef.h>
| #else
| # ifdef HAVE_STDLIB_H
| #  include <stdlib.h>
| # endif
| #endif
| #ifdef HAVE_STRING_H
| # if !defined STDC_HEADERS && defined HAVE_MEMORY_H
| #  include <memory.h>
| # endif
| # include <string.h>
| #endif
| #ifdef HAVE_STRINGS_H
| # include <strings.h>
| #endif
| #ifdef HAVE_INTTYPES_H
| # include <inttypes.h>
| #endif
| #ifdef HAVE_STDINT_H
| # include <stdint.h>
| #endif
| #ifdef HAVE_UNISTD_H
| # include <unistd.h>
| #endif
| 	        enum { N = 8 / 2 - 1 };
| int
| main ()
| {
| static int test_array [1 - 2 * !((int8_t) (((((int8_t) 1 << N) << N) - 1) * 2 + 1)
| 		 < (int8_t) (((((int8_t) 1 << N) << N) - 1) * 2 + 2))];
| test_array [0] = 0;
| return test_array [0];
| 
|   ;
|   return 0;
| }
configure:5166: result: yes
configure:5177: checking for int16_t
configure:5177: gcc -c   conftest.c >&5
configure:5177: $? = 0
configure:5177: gcc -c   conftest.c >&5
conftest.c: In function 'main':
conftest.c:57:12: error: size of array 'test_array' is negative
 static int test_array [1 - 2 * !((int16_t) (((((int16_t) 1 << N) << N) - 1) * 2 + 1)
            ^
configure:5177: $? = 1
configure: failed program was:
| /* confdefs.h */
| #define PACKAGE_NAME "OPAL"
| #define PACKAGE_TARNAME "opal"
| #define PACKAGE_VERSION "3.19alpha5"
| #define PACKAGE_STRING "OPAL 3.19alpha5"
| #define PACKAGE_BUGREPORT ""
| #define PACKAGE_URL ""
| #define STDC_HEADERS 1
| #define HAVE_SYS_TYPES_H 1
| #define HAVE_SYS_STAT_H 1
| #define HAVE_STDLIB_H 1
| #define HAVE_STRING_H 1
| #define HAVE_MEMORY_H 1
| #define HAVE_STRINGS_H 1
| #define HAVE_INTTYPES_H 1
| #define HAVE_STDINT_H 1
| #define HAVE_UNISTD_H 1
| #define SIZEOF_INT 4
| /* end confdefs.h.  */
| #include <stdio.h>
| #ifdef HAVE_SYS_TYPES_H
| # include <sys/types.h>
| #endif
| #ifdef HAVE_SYS_STAT_H
| # include <sys/stat.h>
| #endif
| #ifdef STDC_HEADERS
| # include <stdlib.h>
| # include <stddef.h>
| #else
| # ifdef HAVE_STDLIB_H
| #  include <stdlib.h>
| # endif
| #endif
| #ifdef HAVE_STRING_H
| # if !defined STDC_HEADERS && defined HAVE_MEMORY_H
| #  include <memory.h>
| # endif
| # include <string.h>
| #endif
| #ifdef HAVE_STRINGS_H
| # include <strings.h>
| #endif
| #ifdef HAVE_INTTYPES_H
| # include <inttypes.h>
| #endif
| #ifdef HAVE_STDINT_H
| # include <stdint.h>
| #endif
| #ifdef HAVE_UNISTD_H
| # include <unistd.h>
| #endif
| 	        enum { N = 16 / 2 - 1 };
| int
| main ()
| {
| static int test_array [1 - 2 * !((int16_t) (((((int16_t) 1 << N) << N) - 1) * 2 + 1)
| 		 < (int16_t) (((((int16_t) 1 << N) << N) - 1) * 2 + 2))];
| test_array [0] = 0;
| return test_array [0];
| 
|   ;
|   return 0;
| }
configure:5177: result: yes
configure:5188: checking for int32_t
configure:5188: gcc -c   conftest.c >&5
configure:5188: $? = 0
configure:5188: gcc -c   conftest.c >&5
conftest.c: In function 'main':
conftest.c:58:53: warning: integer overflow in expression [-Woverflow]
    < (int32_t) (((((int32_t) 1 << N) << N) - 1) * 2 + 2))];
                                                     ^
conftest.c:57:12: error: storage size of 'test_array' isn't constant
 static int test_array [1 - 2 * !((int32_t) (((((int32_t) 1 << N) << N) - 1) * 2 + 1)
            ^
configure:5188: $? = 1
configure: failed program was:
| /* confdefs.h */
| #define PACKAGE_NAME "OPAL"
| #define PACKAGE_TARNAME "opal"
| #define PACKAGE_VERSION "3.19alpha5"
| #define PACKAGE_STRING "OPAL 3.19alpha5"
| #define PACKAGE_BUGREPORT ""
| #define PACKAGE_URL ""
| #define STDC_HEADERS 1
| #define HAVE_SYS_TYPES_H 1
| #define HAVE_SYS_STAT_H 1
| #define HAVE_STDLIB_H 1
| #define HAVE_STRING_H 1
| #define HAVE_MEMORY_H 1
| #define HAVE_STRINGS_H 1
| #define HAVE_INTTYPES_H 1
| #define HAVE_STDINT_H 1
| #define HAVE_UNISTD_H 1
| #define SIZEOF_INT 4
| /* end confdefs.h.  */
| #include <stdio.h>
| #ifdef HAVE_SYS_TYPES_H
| # include <sys/types.h>
| #endif
| #ifdef HAVE_SYS_STAT_H
| # include <sys/stat.h>
| #endif
| #ifdef STDC_HEADERS
| # include <stdlib.h>
| # include <stddef.h>
| #else
| # ifdef HAVE_STDLIB_H
| #  include <stdlib.h>
| # endif
| #endif
| #ifdef HAVE_STRING_H
| # if !defined STDC_HEADERS && defined HAVE_MEMORY_H
| #  include <memory.h>
| # endif
| # include <string.h>
| #endif
| #ifdef HAVE_STRINGS_H
| # include <strings.h>
| #endif
| #ifdef HAVE_INTTYPES_H
| # include <inttypes.h>
| #endif
| #ifdef HAVE_STDINT_H
| # include <stdint.h>
| #endif
| #ifdef HAVE_UNISTD_H
| # include <unistd.h>
| #endif
| 	        enum { N = 32 / 2 - 1 };
| int
| main ()
| {
| static int test_array [1 - 2 * !((int32_t) (((((int32_t) 1 << N) << N) - 1) * 2 + 1)
| 		 < (int32_t) (((((int32_t) 1 << N) << N) - 1) * 2 + 2))];
| test_array [0] = 0;
| return test_array [0];
| 
|   ;
|   return 0;
| }
configure:5188: result: yes
configure:5199: checking for int64_t
configure:5199: gcc -c   conftest.c >&5
configure:5199: $? = 0
configure:5199: gcc -c   conftest.c >&5
conftest.c: In function 'main':
conftest.c:58:53: warning: integer overflow in expression [-Woverflow]
    < (int64_t) (((((int64_t) 1 << N) << N) - 1) * 2 + 2))];
                                                     ^
conftest.c:57:12: error: storage size of 'test_array' isn't constant
 static int test_array [1 - 2 * !((int64_t) (((((int64_t) 1 << N) << N) - 1) * 2 + 1)
            ^
configure:5199: $? = 1
configure: failed program was:
| /* confdefs.h */
| #define PACKAGE_NAME "OPAL"
| #define PACKAGE_TARNAME "opal"
| #define PACKAGE_VERSION "3.19alpha5"
| #define PACKAGE_STRING "OPAL 3.19alpha5"
| #define PACKAGE_BUGREPORT ""
| #define PACKAGE_URL ""
| #define STDC_HEADERS 1
| #define HAVE_SYS_TYPES_H 1
| #define HAVE_SYS_STAT_H 1
| #define HAVE_STDLIB_H 1
| #define HAVE_STRING_H 1
| #define HAVE_MEMORY_H 1
| #define HAVE_STRINGS_H 1
| #define HAVE_INTTYPES_H 1
| #define HAVE_STDINT_H 1
| #define HAVE_UNISTD_H 1
| #define SIZEOF_INT 4
| /* end confdefs.h.  */
| #include <stdio.h>
| #ifdef HAVE_SYS_TYPES_H
| # include <sys/types.h>
| #endif
| #ifdef HAVE_SYS_STAT_H
| # include <sys/stat.h>
| #endif
| #ifdef STDC_HEADERS
| # include <stdlib.h>
| # include <stddef.h>
| #else
| # ifdef HAVE_STDLIB_H
| #  include <stdlib.h>
| # endif
| #endif
| #ifdef HAVE_STRING_H
| # if !defined STDC_HEADERS && defined HAVE_MEMORY_H
| #  include <memory.h>
| # endif
| # include <string.h>
| #endif
| #ifdef HAVE_STRINGS_H
| # include <strings.h>
| #endif
| #ifdef HAVE_INTTYPES_H
| # include <inttypes.h>
| #endif
| #ifdef HAVE_STDINT_H
| # include <stdint.h>
| #endif
| #ifdef HAVE_UNISTD_H
| # include <unistd.h>
| #endif
| 	        enum { N = 64 / 2 - 1 };
| int
| main ()
| {
| static int test_array [1 - 2 * !((int64_t) (((((int64_t) 1 << N) << N) - 1) * 2 + 1)
| 		 < (int64_t) (((((int64_t) 1 << N) << N) - 1) * 2 + 2))];
| test_array [0] = 0;
| return test_array [0];
| 
|   ;
|   return 0;
| }
configure:5199: result: yes
configure:5211: checking for intptr_t
configure:5211: gcc -c   conftest.c >&5
configure:5211: $? = 0
configure:5211: gcc -c   conftest.c >&5
conftest.c: In function 'main':
conftest.c:56:23: error: expected expression before ')' token
 if (sizeof ((intptr_t)))
                       ^
configure:5211: $? = 1
configure: failed program was:
| /* confdefs.h */
| #define PACKAGE_NAME "OPAL"
| #define PACKAGE_TARNAME "opal"
| #define PACKAGE_VERSION "3.19alpha5"
| #define PACKAGE_STRING "OPAL 3.19alpha5"
| #define PACKAGE_BUGREPORT ""
| #define PACKAGE_URL ""
| #define STDC_HEADERS 1
| #define HAVE_SYS_TYPES_H 1
| #define HAVE_SYS_STAT_H 1
| #define HAVE_STDLIB_H 1
| #define HAVE_STRING_H 1
| #define HAVE_MEMORY_H 1
| #define HAVE_STRINGS_H 1
| #define HAVE_INTTYPES_H 1
| #define HAVE_STDINT_H 1
| #define HAVE_UNISTD_H 1
| #define SIZEOF_INT 4
| /* end confdefs.h.  */
| #include <stdio.h>
| #ifdef HAVE_SYS_TYPES_H
| # include <sys/types.h>
| #endif
| #ifdef HAVE_SYS_STAT_H
| # include <sys/stat.h>
| #endif
| #ifdef STDC_HEADERS
| # include <stdlib.h>
| # include <stddef.h>
| #else
| # ifdef HAVE_STDLIB_H
| #  include <stdlib.h>
| # endif
| #endif
| #ifdef HAVE_STRING_H
| # if !defined STDC_HEADERS && defined HAVE_MEMORY_H
| #  include <memory.h>
| # endif
| # include <string.h>
| #endif
| #ifdef HAVE_STRINGS_H
| # include <strings.h>
| #endif
| #ifdef HAVE_INTTYPES_H
| # include <inttypes.h>
| #endif
| #ifdef HAVE_STDINT_H
| # include <stdint.h>
| #endif
| #ifdef HAVE_UNISTD_H
| # include <unistd.h>
| #endif
| int
| main ()
| {
| if (sizeof ((intptr_t)))
| 	    return 0;
|   ;
|   return 0;
| }
configure:5211: result: yes
configure:5246: checking for uint8_t
configure:5246: gcc -c   conftest.c >&5
configure:5246: $? = 0
configure:5246: result: yes
configure:5260: checking for uint16_t
configure:5260: gcc -c   conftest.c >&5
configure:5260: $? = 0
configure:5260: result: yes
configure:5272: checking for uint32_t
configure:5272: gcc -c   conftest.c >&5
configure:5272: $? = 0
configure:5272: result: yes
configure:5286: checking for uint64_t
configure:5286: gcc -c   conftest.c >&5
configure:5286: $? = 0
configure:5286: result: yes
configure:5301: checking for uintptr_t
configure:5301: gcc -c   conftest.c >&5
configure:5301: $? = 0
configure:5301: gcc -c   conftest.c >&5
conftest.c: In function 'main':
conftest.c:57:24: error: expected expression before ')' token
 if (sizeof ((uintptr_t)))
                        ^
configure:5301: $? = 1
configure: failed program was:
| /* confdefs.h */
| #define PACKAGE_NAME "OPAL"
| #define PACKAGE_TARNAME "opal"
| #define PACKAGE_VERSION "3.19alpha5"
| #define PACKAGE_STRING "OPAL 3.19alpha5"
| #define PACKAGE_BUGREPORT ""
| #define PACKAGE_URL ""
| #define STDC_HEADERS 1
| #define HAVE_SYS_TYPES_H 1
| #define HAVE_SYS_STAT_H 1
| #define HAVE_STDLIB_H 1
| #define HAVE_STRING_H 1
| #define HAVE_MEMORY_H 1
| #define HAVE_STRINGS_H 1
| #define HAVE_INTTYPES_H 1
| #define HAVE_STDINT_H 1
| #define HAVE_UNISTD_H 1
| #define SIZEOF_INT 4
| #define HAVE_INTPTR_T 1
| /* end confdefs.h.  */
| #include <stdio.h>
| #ifdef HAVE_SYS_TYPES_H
| # include <sys/types.h>
| #endif
| #ifdef HAVE_SYS_STAT_H
| # include <sys/stat.h>
| #endif
| #ifdef STDC_HEADERS
| # include <stdlib.h>
| # include <stddef.h>
| #else
| # ifdef HAVE_STDLIB_H
| #  include <stdlib.h>
| # endif
| #endif
| #ifdef HAVE_STRING_H
| # if !defined STDC_HEADERS && defined HAVE_MEMORY_H
| #  include <memory.h>
| # endif
| # include <string.h>
| #endif
| #ifdef HAVE_STRINGS_H
| # include <strings.h>
| #endif
| #ifdef HAVE_INTTYPES_H
| # include <inttypes.h>
| #endif
| #ifdef HAVE_STDINT_H
| # include <stdint.h>
| #endif
| #ifdef HAVE_UNISTD_H
| # include <unistd.h>
| #endif
| int
| main ()
| {
| if (sizeof ((uintptr_t)))
| 	    return 0;
|   ;
|   return 0;
| }
configure:5301: result: yes
configure:5338: checking for unsigned long long int
configure:5377: gcc -o conftest    conftest.c  >&5
configure:5377: $? = 0
configure:5386: result: yes
configure:5396: checking for long long int
configure:5434: gcc -o conftest    conftest.c  >&5
configure:5434: $? = 0
configure:5434: ./conftest
configure:5434: $? = 0
configure:5446: result: yes
configure:5455: checking for unsigned long long int
configure:5503: result: yes
configure:5512: checking for long double
configure:5545: result: yes
configure:5785: checking 64 bit system masquerading as 32 bit
configure:5791: gcc -c   conftest.c >&5
conftest.c:26:9: error: '__amd64__' undeclared here (not in a function)
 int t = __amd64__;
         ^
configure:5791: $? = 1
configure: failed program was:
| /* confdefs.h */
| #define PACKAGE_NAME "OPAL"
| #define PACKAGE_TARNAME "opal"
| #define PACKAGE_VERSION "3.19alpha5"
| #define PACKAGE_STRING "OPAL 3.19alpha5"
| #define PACKAGE_BUGREPORT ""
| #define PACKAGE_URL ""
| #define STDC_HEADERS 1
| #define HAVE_SYS_TYPES_H 1
| #define HAVE_SYS_STAT_H 1
| #define HAVE_STDLIB_H 1
| #define HAVE_STRING_H 1
| #define HAVE_MEMORY_H 1
| #define HAVE_STRINGS_H 1
| #define HAVE_INTTYPES_H 1
| #define HAVE_STDINT_H 1
| #define HAVE_UNISTD_H 1
| #define SIZEOF_INT 4
| #define HAVE_INTPTR_T 1
| #define HAVE_UINTPTR_T 1
| #define HAVE_UNSIGNED_LONG_LONG_INT 1
| #define HAVE_LONG_LONG_INT 1
| #define HAVE_UNSIGNED_LONG_LONG_INT 1
| #define HAVE_LONG_DOUBLE 1
| /* end confdefs.h.  */
| int t = __amd64__;
configure:5800: result: no
configure:5895: Platform: "linux" release "3.16.0-6-686-pae" on "x86"
configure:5908: checking debug build (-gdwarf-4)
configure:5921: gcc -c -march=i686   -gdwarf-4 conftest.c >&5
configure:5921: $? = 0
configure:5928: result: yes
configure:5984: checking optimised build (-O3)
configure:5997: gcc -c -march=i686   -O3 conftest.c >&5
configure:5997: $? = 0
configure:6004: result: yes
configure:6021: checking Don't omit frame pointers for stack walking (-fno-omit-frame-pointer)
configure:6034: gcc -c -march=i686   -fno-omit-frame-pointer conftest.c >&5
configure:6034: $? = 0
configure:6041: result: yes
configure:6060: checking Disable unknown-pragmas warning (-Wno-unknown-pragmas)
configure:6073: gcc -c -fno-omit-frame-pointer -march=i686   -Werror -Wunknown-pragmas -Wno-unknown-pragmas conftest.c >&5
configure:6073: $? = 0
configure:6080: result: yes
configure:6102: checking Disable unused-private-field warning (-Wno-unused-private-field)
configure:6115: g++ -c -fno-omit-frame-pointer -march=i686  -Wno-unknown-pragmas  -Werror -Wunused-private-field -Wno-unused-private-field conftest.cpp >&5
g++: error: unrecognized command line option '-Wunused-private-field'
configure:6115: $? = 1
configure: failed program was:
| /* confdefs.h */
| #define PACKAGE_NAME "OPAL"
| #define PACKAGE_TARNAME "opal"
| #define PACKAGE_VERSION "3.19alpha5"
| #define PACKAGE_STRING "OPAL 3.19alpha5"
| #define PACKAGE_BUGREPORT ""
| #define PACKAGE_URL ""
| #define STDC_HEADERS 1
| #define HAVE_SYS_TYPES_H 1
| #define HAVE_SYS_STAT_H 1
| #define HAVE_STDLIB_H 1
| #define HAVE_STRING_H 1
| #define HAVE_MEMORY_H 1
| #define HAVE_STRINGS_H 1
| #define HAVE_INTTYPES_H 1
| #define HAVE_STDINT_H 1
| #define HAVE_UNISTD_H 1
| #define SIZEOF_INT 4
| #define HAVE_INTPTR_T 1
| #define HAVE_UINTPTR_T 1
| #define HAVE_UNSIGNED_LONG_LONG_INT 1
| #define HAVE_LONG_LONG_INT 1
| #define HAVE_UNSIGNED_LONG_LONG_INT 1
| #define HAVE_LONG_DOUBLE 1
| /* end confdefs.h.  */
| 
| int
| main ()
| {
| 
|   ;
|   return 0;
| }
configure:6122: result: no
configure:6136: checking Disable overloaded-virtual warning (-Wno-overloaded-virtual)
configure:6149: g++ -c -fno-omit-frame-pointer -march=i686  -Wno-unknown-pragmas  -Werror -Woverloaded-virtual -Wno-overloaded-virtual conftest.cpp >&5
configure:6149: $? = 0
configure:6156: result: yes
configure:6170: checking Disable deprecated-declarations warning (-Wno-deprecated-declarations)
configure:6183: g++ -c -Wno-overloaded-virtual -fno-omit-frame-pointer -march=i686  -Wno-unknown-pragmas  -Werror -Wdeprecated-declarations -Wno-deprecated-declarations conftest.cpp >&5
configure:6183: $? = 0
configure:6190: result: yes
configure:6204: checking Disable potentially evaluated expression warning (-Wno-potentially-evaluated-expression)
configure:6217: g++ -c -Wno-overloaded-virtual -fno-omit-frame-pointer -march=i686  -Wno-deprecated-declarations -Wno-unknown-pragmas  -Werror -Wpotentially-evaluated-expression -Wno-potentially-evaluated-expression conftest.cpp >&5
g++: error: unrecognized command line option '-Wpotentially-evaluated-expression'
configure:6217: $? = 1
configure: failed program was:
| /* confdefs.h */
| #define PACKAGE_NAME "OPAL"
| #define PACKAGE_TARNAME "opal"
| #define PACKAGE_VERSION "3.19alpha5"
| #define PACKAGE_STRING "OPAL 3.19alpha5"
| #define PACKAGE_BUGREPORT ""
| #define PACKAGE_URL ""
| #define STDC_HEADERS 1
| #define HAVE_SYS_TYPES_H 1
| #define HAVE_SYS_STAT_H 1
| #define HAVE_STDLIB_H 1
| #define HAVE_STRING_H 1
| #define HAVE_MEMORY_H 1
| #define HAVE_STRINGS_H 1
| #define HAVE_INTTYPES_H 1
| #define HAVE_STDINT_H 1
| #define HAVE_UNISTD_H 1
| #define SIZEOF_INT 4
| #define HAVE_INTPTR_T 1
| #define HAVE_UINTPTR_T 1
| #define HAVE_UNSIGNED_LONG_LONG_INT 1
| #define HAVE_LONG_LONG_INT 1
| #define HAVE_UNSIGNED_LONG_LONG_INT 1
| #define HAVE_LONG_DOUBLE 1
| /* end confdefs.h.  */
| 
| int
| main ()
| {
| 
|   ;
|   return 0;
| }
configure:6224: result: no
configure:6245: checking warnings (-Wall)
configure:6258: gcc -c -fno-omit-frame-pointer -march=i686  -Wno-unknown-pragmas  -Wall conftest.c >&5
configure:6258: $? = 0
configure:6265: result: yes
configure:6539: checking OPAL directory
configure:6575: result: local source and prefix install
configure:6668: OPAL version is 3.19.5 (3.19-alpha5-0)
configure:6710: checking for PTLIB
configure:6717: $PKG_CONFIG --exists --print-errors "ptlib >= 2.19.4"
configure:6720: $? = 0
configure:6734: $PKG_CONFIG --exists --print-errors "ptlib >= 2.19.4"
configure:6737: $? = 0
configure:6783: result: yes
configure:6808: checking PTLib for URL
configure:6811: result: yes
configure:6824: checking PTLib for HTTP
configure:6827: result: yes
configure:6840: checking PTLib for STUN
configure:6843: result: yes
configure:6850: checking PTLib for SSL/TLS
configure:6853: result: no
configure:6860: checking PTLib for SSL/AES
configure:6863: result: no
configure:6870: checking PTLib for ASN.1
configure:6873: result: yes
configure:6880: checking PTLib for Expat
configure:6883: result: yes
configure:6890: checking PTLib for Video
configure:6893: result: yes
configure:6900: checking PTLib for WAV file
configure:6903: result: yes
configure:6910: checking PTLib for VXML
configure:6913: result: yes
configure:6920: checking PTLib for IP v6
configure:6923: result: yes
configure:6930: checking PTLib for DTMF
configure:6933: result: yes
configure:6940: checking PTLib for LDAP
configure:6943: result: yes
configure:6950: checking PTLib for DNS resolver
configure:6953: result: yes
configure:6960: checking PTLib for Audio
configure:6963: result: yes
configure:6970: checking PTLib for Config file
configure:6973: result: yes
configure:6980: checking PTLib for HTTP Server
configure:6983: result: yes
configure:6990: checking PTLib for CLI
configure:6993: result: yes
configure:7000: checking PTLib for GStreamer
configure:7003: result: yes
configure:7019: checking SRTP protocol support
configure:7054: result: yes
configure:7103: checking for SRTP
configure:7110: $PKG_CONFIG --exists --print-errors "libsrtp2 "
Package libsrtp2 was not found in the pkg-config search path.
Perhaps you should add the directory containing `libsrtp2.pc'
to the PKG_CONFIG_PATH environment variable
No package 'libsrtp2' found
configure:7113: $? = 1
configure:7127: $PKG_CONFIG --exists --print-errors "libsrtp2 "
Package libsrtp2 was not found in the pkg-config search path.
Perhaps you should add the directory containing `libsrtp2.pc'
to the PKG_CONFIG_PATH environment variable
No package 'libsrtp2' found
configure:7130: $? = 1
configure:7144: result: no
No package 'libsrtp2' found
configure:7190: checking for SRTP protocol support usability
configure:7206: gcc -o conftest -fno-omit-frame-pointer -march=i686  -Wall -Wno-unknown-pragmas  -I${includedir}/opal   conftest.c -lsrtp2  >&5
conftest.c:31:24: fatal error: srtp2/srtp.h: No such file or directory
 #include <srtp2/srtp.h>
                        ^
compilation terminated.
configure:7206: $? = 1
configure: failed program was:
| /* confdefs.h */
| #define PACKAGE_NAME "OPAL"
| #define PACKAGE_TARNAME "opal"
| #define PACKAGE_VERSION "3.19alpha5"
| #define PACKAGE_STRING "OPAL 3.19alpha5"
| #define PACKAGE_BUGREPORT ""
| #define PACKAGE_URL ""
| #define STDC_HEADERS 1
| #define HAVE_SYS_TYPES_H 1
| #define HAVE_SYS_STAT_H 1
| #define HAVE_STDLIB_H 1
| #define HAVE_STRING_H 1
| #define HAVE_MEMORY_H 1
| #define HAVE_STRINGS_H 1
| #define HAVE_INTTYPES_H 1
| #define HAVE_STDINT_H 1
| #define HAVE_UNISTD_H 1
| #define SIZEOF_INT 4
| #define HAVE_INTPTR_T 1
| #define HAVE_UINTPTR_T 1
| #define HAVE_UNSIGNED_LONG_LONG_INT 1
| #define HAVE_LONG_LONG_INT 1
| #define HAVE_UNSIGNED_LONG_LONG_INT 1
| #define HAVE_LONG_DOUBLE 1
| #define OPAL_MAJOR 3
| #define OPAL_MINOR 19
| #define OPAL_PATCH 5
| #define OPAL_OEM 0
| #define OPAL_VERSION "3.19.5"
| /* end confdefs.h.  */
| #include <srtp2/srtp.h>
| int
| main ()
| {
| 
|       srtp_crypto_policy_t p;
|       p.cipher_key_len = SRTP_MASTER_KEY_LEN;
| 
|   ;
|   return 0;
| }
configure:7214: result: no
configure:7252: Using internal source for SRTP protocol support
configure:7312: checking ZRTP protocol support
configure:7347: result: yes
configure:7379: checking for ZRTP
configure:7386: $PKG_CONFIG --exists --print-errors "libzrtp"
Package libzrtp was not found in the pkg-config search path.
Perhaps you should add the directory containing `libzrtp.pc'
to the PKG_CONFIG_PATH environment variable
No package 'libzrtp' found
configure:7389: $? = 1
configure:7403: $PKG_CONFIG --exists --print-errors "libzrtp"
Package libzrtp was not found in the pkg-config search path.
Perhaps you should add the directory containing `libzrtp.pc'
to the PKG_CONFIG_PATH environment variable
No package 'libzrtp' found
configure:7406: $? = 1
configure:7420: result: no
No package 'libzrtp' found
configure:7466: checking for ZRTP protocol support usability
configure:7480: gcc -o conftest -fno-omit-frame-pointer -march=i686  -Wall -Wno-unknown-pragmas  -I${includedir}/opal   conftest.c -lzrtpi -lbn  >&5
conftest.c:34:23: fatal error: zrtp/zrtp.h: No such file or directory
 #include <zrtp/zrtp.h>
                       ^
compilation terminated.
configure:7480: $? = 1
configure: failed program was:
| /* confdefs.h */
| #define PACKAGE_NAME "OPAL"
| #define PACKAGE_TARNAME "opal"
| #define PACKAGE_VERSION "3.19alpha5"
| #define PACKAGE_STRING "OPAL 3.19alpha5"
| #define PACKAGE_BUGREPORT ""
| #define PACKAGE_URL ""
| #define STDC_HEADERS 1
| #define HAVE_SYS_TYPES_H 1
| #define HAVE_SYS_STAT_H 1
| #define HAVE_STDLIB_H 1
| #define HAVE_STRING_H 1
| #define HAVE_MEMORY_H 1
| #define HAVE_STRINGS_H 1
| #define HAVE_INTTYPES_H 1
| #define HAVE_STDINT_H 1
| #define HAVE_UNISTD_H 1
| #define SIZEOF_INT 4
| #define HAVE_INTPTR_T 1
| #define HAVE_UINTPTR_T 1
| #define HAVE_UNSIGNED_LONG_LONG_INT 1
| #define HAVE_LONG_LONG_INT 1
| #define HAVE_UNSIGNED_LONG_LONG_INT 1
| #define HAVE_LONG_DOUBLE 1
| #define OPAL_MAJOR 3
| #define OPAL_MINOR 19
| #define OPAL_PATCH 5
| #define OPAL_OEM 0
| #define OPAL_VERSION "3.19.5"
| #define OPAL_AEAD_CRYPTO_SUITES 1
| #define HAS_SRTP_SRTP_H 0
| #define OPAL_SRTP 1
| /* end confdefs.h.  */
| #include <zrtp/zrtp.h>
| int
| main ()
| {
| ;
| 
|   ;
|   return 0;
| }
configure:7488: result: no
configure:7549: checking Speex DSP support
configure:7584: result: yes
configure:7633: checking for SPEEXDSP
configure:7640: $PKG_CONFIG --exists --print-errors "speexdsp "
configure:7643: $? = 0
configure:7657: $PKG_CONFIG --exists --print-errors "speexdsp "
configure:7660: $? = 0
configure:7706: result: yes
configure:7720: checking for Speex DSP support usability
configure:7733: gcc -o conftest -fno-omit-frame-pointer -march=i686  -Wall -Wno-unknown-pragmas  -I${includedir}/opal   conftest.c -lspeexdsp   >&5
configure:7733: $? = 0
configure:7741: result: yes
configure:7750: Adding CPPFLAGS: 
configure:7757: Adding LIBS: -lspeexdsp 
configure:7806: checking for float parameter in Speex noise reduction
configure:7827: gcc -o conftest -fno-omit-frame-pointer -march=i686   -Wall -Wno-unknown-pragmas  -I${includedir}/opal   conftest.c -lspeexdsp  -lspeexdsp   >&5
conftest.c: In function 'main':
conftest.c:43:13: error: unknown type name 'SpeexEchoState'
             SpeexEchoState *st;
             ^
conftest.c:46:13: warning: implicit declaration of function 'speex_echo_cancel' [-Wimplicit-function-declaration]
             speex_echo_cancel(st, x, x, x, echo);
             ^
configure:7827: $? = 1
configure: failed program was:
| /* confdefs.h */
| #define PACKAGE_NAME "OPAL"
| #define PACKAGE_TARNAME "opal"
| #define PACKAGE_VERSION "3.19alpha5"
| #define PACKAGE_STRING "OPAL 3.19alpha5"
| #define PACKAGE_BUGREPORT ""
| #define PACKAGE_URL ""
| #define STDC_HEADERS 1
| #define HAVE_SYS_TYPES_H 1
| #define HAVE_SYS_STAT_H 1
| #define HAVE_STDLIB_H 1
| #define HAVE_STRING_H 1
| #define HAVE_MEMORY_H 1
| #define HAVE_STRINGS_H 1
| #define HAVE_INTTYPES_H 1
| #define HAVE_STDINT_H 1
| #define HAVE_UNISTD_H 1
| #define SIZEOF_INT 4
| #define HAVE_INTPTR_T 1
| #define HAVE_UINTPTR_T 1
| #define HAVE_UNSIGNED_LONG_LONG_INT 1
| #define HAVE_LONG_LONG_INT 1
| #define HAVE_UNSIGNED_LONG_LONG_INT 1
| #define HAVE_LONG_DOUBLE 1
| #define OPAL_MAJOR 3
| #define OPAL_MINOR 19
| #define OPAL_PATCH 5
| #define OPAL_OEM 0
| #define OPAL_VERSION "3.19.5"
| #define OPAL_AEAD_CRYPTO_SUITES 1
| #define HAS_SRTP_SRTP_H 0
| #define OPAL_SRTP 1
| #define OPAL_SYSTEM_SPEEX 1
| /* end confdefs.h.  */
| 
|             #include <speex/speex.h>
|             #include <speex/speex_preprocess.h>
| 
| int
| main ()
| {
| 
|             SpeexEchoState *st;
|             spx_int16_t *x;
|             float *echo;
|             speex_echo_cancel(st, x, x, x, echo);
| 
|   ;
|   return 0;
| }
configure:7835: result: no
configure:7855: checking accoustic echo cancellation support
configure:7900: result: yes
configure:7930: checking CAPI ISDN support
configure:7965: result: yes
configure:7997: checking for CAPI
configure:8004: $PKG_CONFIG --exists --print-errors "capi20"
Package capi20 was not found in the pkg-config search path.
Perhaps you should add the directory containing `capi20.pc'
to the PKG_CONFIG_PATH environment variable
No package 'capi20' found
configure:8007: $? = 1
configure:8021: $PKG_CONFIG --exists --print-errors "capi20"
Package capi20 was not found in the pkg-config search path.
Perhaps you should add the directory containing `capi20.pc'
to the PKG_CONFIG_PATH environment variable
No package 'capi20' found
configure:8024: $? = 1
configure:8038: result: no
No package 'capi20' found
configure:8084: checking for CAPI ISDN support usability
configure:8098: gcc -o conftest -fno-omit-frame-pointer -march=i686   -Wall -Wno-unknown-pragmas  -I${includedir}/opal   conftest.c -lcapi -lspeexdsp   >&5
conftest.c:36:20: fatal error: capi20.h: No such file or directory
 #include <capi20.h>
                    ^
compilation terminated.
configure:8098: $? = 1
configure: failed program was:
| /* confdefs.h */
| #define PACKAGE_NAME "OPAL"
| #define PACKAGE_TARNAME "opal"
| #define PACKAGE_VERSION "3.19alpha5"
| #define PACKAGE_STRING "OPAL 3.19alpha5"
| #define PACKAGE_BUGREPORT ""
| #define PACKAGE_URL ""
| #define STDC_HEADERS 1
| #define HAVE_SYS_TYPES_H 1
| #define HAVE_SYS_STAT_H 1
| #define HAVE_STDLIB_H 1
| #define HAVE_STRING_H 1
| #define HAVE_MEMORY_H 1
| #define HAVE_STRINGS_H 1
| #define HAVE_INTTYPES_H 1
| #define HAVE_STDINT_H 1
| #define HAVE_UNISTD_H 1
| #define SIZEOF_INT 4
| #define HAVE_INTPTR_T 1
| #define HAVE_UINTPTR_T 1
| #define HAVE_UNSIGNED_LONG_LONG_INT 1
| #define HAVE_LONG_LONG_INT 1
| #define HAVE_UNSIGNED_LONG_LONG_INT 1
| #define HAVE_LONG_DOUBLE 1
| #define OPAL_MAJOR 3
| #define OPAL_MINOR 19
| #define OPAL_PATCH 5
| #define OPAL_OEM 0
| #define OPAL_VERSION "3.19.5"
| #define OPAL_AEAD_CRYPTO_SUITES 1
| #define HAS_SRTP_SRTP_H 0
| #define OPAL_SRTP 1
| #define OPAL_SYSTEM_SPEEX 1
| #define OPAL_AEC 1
| /* end confdefs.h.  */
| #include <capi20.h>
| int
| main ()
| {
| capi20_release(0)
| 
|   ;
|   return 0;
| }
configure:8106: result: no
configure:8163: checking for swig
configure:8196: result: no
configure:8210: checking Java JNI support
configure:8245: result: yes
configure:8277: checking for JAVA
configure:8284: $PKG_CONFIG --exists --print-errors "openjdk"
Package openjdk was not found in the pkg-config search path.
Perhaps you should add the directory containing `openjdk.pc'
to the PKG_CONFIG_PATH environment variable
No package 'openjdk' found
configure:8287: $? = 1
configure:8301: $PKG_CONFIG --exists --print-errors "openjdk"
Package openjdk was not found in the pkg-config search path.
Perhaps you should add the directory containing `openjdk.pc'
to the PKG_CONFIG_PATH environment variable
No package 'openjdk' found
configure:8304: $? = 1
configure:8318: result: no
No package 'openjdk' found
configure:8364: checking for Java JNI support usability
configure:8378: gcc -o conftest -fno-omit-frame-pointer -march=i686   -Wall -Wno-unknown-pragmas  -I${includedir}/opal   conftest.c -ljdk -lspeexdsp   >&5
conftest.c:36:17: fatal error: jni.h: No such file or directory
 #include <jni.h>
                 ^
compilation terminated.
configure:8378: $? = 1
configure: failed program was:
| /* confdefs.h */
| #define PACKAGE_NAME "OPAL"
| #define PACKAGE_TARNAME "opal"
| #define PACKAGE_VERSION "3.19alpha5"
| #define PACKAGE_STRING "OPAL 3.19alpha5"
| #define PACKAGE_BUGREPORT ""
| #define PACKAGE_URL ""
| #define STDC_HEADERS 1
| #define HAVE_SYS_TYPES_H 1
| #define HAVE_SYS_STAT_H 1
| #define HAVE_STDLIB_H 1
| #define HAVE_STRING_H 1
| #define HAVE_MEMORY_H 1
| #define HAVE_STRINGS_H 1
| #define HAVE_INTTYPES_H 1
| #define HAVE_STDINT_H 1
| #define HAVE_UNISTD_H 1
| #define SIZEOF_INT 4
| #define HAVE_INTPTR_T 1
| #define HAVE_UINTPTR_T 1
| #define HAVE_UNSIGNED_LONG_LONG_INT 1
| #define HAVE_LONG_LONG_INT 1
| #define HAVE_UNSIGNED_LONG_LONG_INT 1
| #define HAVE_LONG_DOUBLE 1
| #define OPAL_MAJOR 3
| #define OPAL_MINOR 19
| #define OPAL_PATCH 5
| #define OPAL_OEM 0
| #define OPAL_VERSION "3.19.5"
| #define OPAL_AEAD_CRYPTO_SUITES 1
| #define HAS_SRTP_SRTP_H 0
| #define OPAL_SRTP 1
| #define OPAL_SYSTEM_SPEEX 1
| #define OPAL_AEC 1
| /* end confdefs.h.  */
| #include <jni.h>
| int
| main ()
| {
| JNIEnv * env
| 
|   ;
|   return 0;
| }
configure:8386: result: no
configure:8443: checking C-sharp interface
configure:8478: result: yes
configure:8507: checking Ruby support
configure:8542: result: yes
configure:8574: checking for RUBY
configure:8581: $PKG_CONFIG --exists --print-errors "ruby"
Package ruby was not found in the pkg-config search path.
Perhaps you should add the directory containing `ruby.pc'
to the PKG_CONFIG_PATH environment variable
No package 'ruby' found
configure:8584: $? = 1
configure:8598: $PKG_CONFIG --exists --print-errors "ruby"
Package ruby was not found in the pkg-config search path.
Perhaps you should add the directory containing `ruby.pc'
to the PKG_CONFIG_PATH environment variable
No package 'ruby' found
configure:8601: $? = 1
configure:8615: result: no
No package 'ruby' found
configure:8661: checking for Ruby support usability
configure:8675: gcc -o conftest -fno-omit-frame-pointer -march=i686   -Wall -Wno-unknown-pragmas  -I${includedir}/opal /usr/local/lib/site_ruby/2.1.0 -I/usr/local/lib/i386-linux-gnu/site_ruby -I/usr/local/lib/site_ruby -I/usr/lib/ruby/vendor_ruby/2.1.0 -I/usr/lib/i386-linux-gnu/ruby/vendor_ruby/2.1.0 -I/usr/lib/ruby/vendor_ruby -I/usr/lib/ruby/2.1.0 -I/usr/lib/i386-linux-gnu/ruby/2.1.0  conftest.c -lruby -lspeexdsp   >&5
gcc: error: /usr/local/lib/site_ruby/2.1.0: No such file or directory
configure:8675: $? = 1
configure: failed program was:
| /* confdefs.h */
| #define PACKAGE_NAME "OPAL"
| #define PACKAGE_TARNAME "opal"
| #define PACKAGE_VERSION "3.19alpha5"
| #define PACKAGE_STRING "OPAL 3.19alpha5"
| #define PACKAGE_BUGREPORT ""
| #define PACKAGE_URL ""
| #define STDC_HEADERS 1
| #define HAVE_SYS_TYPES_H 1
| #define HAVE_SYS_STAT_H 1
| #define HAVE_STDLIB_H 1
| #define HAVE_STRING_H 1
| #define HAVE_MEMORY_H 1
| #define HAVE_STRINGS_H 1
| #define HAVE_INTTYPES_H 1
| #define HAVE_STDINT_H 1
| #define HAVE_UNISTD_H 1
| #define SIZEOF_INT 4
| #define HAVE_INTPTR_T 1
| #define HAVE_UINTPTR_T 1
| #define HAVE_UNSIGNED_LONG_LONG_INT 1
| #define HAVE_LONG_LONG_INT 1
| #define HAVE_UNSIGNED_LONG_LONG_INT 1
| #define HAVE_LONG_DOUBLE 1
| #define OPAL_MAJOR 3
| #define OPAL_MINOR 19
| #define OPAL_PATCH 5
| #define OPAL_OEM 0
| #define OPAL_VERSION "3.19.5"
| #define OPAL_AEAD_CRYPTO_SUITES 1
| #define HAS_SRTP_SRTP_H 0
| #define OPAL_SRTP 1
| #define OPAL_SYSTEM_SPEEX 1
| #define OPAL_AEC 1
| #define OPAL_CSHARP 1
| /* end confdefs.h.  */
| #include <ruby.h>
| int
| main ()
| {
| JNIEnv * env
| 
|   ;
|   return 0;
| }
configure:8683: result: no
configure:8741: checking video support
configure:8786: result: yes
configure:8809: checking SDP protocol support
configure:8844: result: yes
configure:8867: checking SIP protocol support
configure:8912: result: yes
configure:8935: checking H.323 protocol support
configure:8980: result: yes
configure:9003: checking IAX2 protocol support
configure:9009: result: disabled by user
configure:9061: checking Cisco SCCP (skinny) support
configure:9067: result: disabled by user
configure:9120: checking H.224 protocol support
configure:9165: result: yes
configure:9188: checking H.281 (Far End Camera Control) protocol support
configure:9233: result: yes
configure:9256: checking T.38 capability support
configure:9291: result: yes
configure:9314: checking presence support
configure:9349: result: yes
configure:9372: checking MSRP support
configure:9417: result: yes
configure:9440: checking SIPIM session support
configure:9495: result: yes
configure:9518: checking RFC4103 support
configure:9563: result: yes
configure:9586: checking statistics gathering support
configure:9621: result: yes
configure:9644: checking T.38 FAX protocol support
configure:9713: result: yes
configure:9736: checking H.450
configure:9742: result: disabled by user
configure:9804: checking H.460
configure:9810: result: disabled by user
configure:9872: checking H.460.24
configure:9878: result: disabled by user
configure:9940: checking H.239
configure:9985: result: yes
configure:10008: checking H.235.6
configure:10053: result: yes
configure:10076: checking H.235.8
configure:10116: result: disabled due to disabled dependency OPAL_PTLIB_SSL=no
configure:10154: checking H.501
configure:10160: result: disabled by user
configure:10222: checking T.120
configure:10235: result: disabled by default
configure:10290: checking LID support
configure:10325: result: yes
configure:10354: checking DAHDI E1 support
configure:10403: result: yes
configure:10435: checking for DAHDI
configure:10442: $PKG_CONFIG --exists --print-errors "dahdi"
Package dahdi was not found in the pkg-config search path.
Perhaps you should add the directory containing `dahdi.pc'
to the PKG_CONFIG_PATH environment variable
No package 'dahdi' found
configure:10445: $? = 1
configure:10459: $PKG_CONFIG --exists --print-errors "dahdi"
Package dahdi was not found in the pkg-config search path.
Perhaps you should add the directory containing `dahdi.pc'
to the PKG_CONFIG_PATH environment variable
No package 'dahdi' found
configure:10462: $? = 1
configure:10476: result: no
No package 'dahdi' found
configure:10522: checking for DAHDI E1 support usability
configure:10535: gcc -o conftest -fno-omit-frame-pointer -march=i686   -Wall -Wno-unknown-pragmas  -I${includedir}/opal   conftest.c -ltonezone -lspeexdsp   >&5
conftest.c:53:24: fatal error: dahdi/user.h: No such file or directory
 #include <dahdi/user.h>
                        ^
compilation terminated.
configure:10535: $? = 1
configure: failed program was:
| /* confdefs.h */
| #define PACKAGE_NAME "OPAL"
| #define PACKAGE_TARNAME "opal"
| #define PACKAGE_VERSION "3.19alpha5"
| #define PACKAGE_STRING "OPAL 3.19alpha5"
| #define PACKAGE_BUGREPORT ""
| #define PACKAGE_URL ""
| #define STDC_HEADERS 1
| #define HAVE_SYS_TYPES_H 1
| #define HAVE_SYS_STAT_H 1
| #define HAVE_STDLIB_H 1
| #define HAVE_STRING_H 1
| #define HAVE_MEMORY_H 1
| #define HAVE_STRINGS_H 1
| #define HAVE_INTTYPES_H 1
| #define HAVE_STDINT_H 1
| #define HAVE_UNISTD_H 1
| #define SIZEOF_INT 4
| #define HAVE_INTPTR_T 1
| #define HAVE_UINTPTR_T 1
| #define HAVE_UNSIGNED_LONG_LONG_INT 1
| #define HAVE_LONG_LONG_INT 1
| #define HAVE_UNSIGNED_LONG_LONG_INT 1
| #define HAVE_LONG_DOUBLE 1
| #define OPAL_MAJOR 3
| #define OPAL_MINOR 19
| #define OPAL_PATCH 5
| #define OPAL_OEM 0
| #define OPAL_VERSION "3.19.5"
| #define OPAL_AEAD_CRYPTO_SUITES 1
| #define HAS_SRTP_SRTP_H 0
| #define OPAL_SRTP 1
| #define OPAL_SYSTEM_SPEEX 1
| #define OPAL_AEC 1
| #define OPAL_CSHARP 1
| #define OPAL_VIDEO 1
| #define OPAL_SDP 1
| #define OPAL_SIP 1
| #define OPAL_H323 1
| #define OPAL_HAS_H224 1
| #define OPAL_HAS_H281 1
| #define OPAL_T38_CAPABILITY 1
| #define OPAL_HAS_PRESENCE 1
| #define OPAL_HAS_MSRP 1
| #define OPAL_HAS_SIPIM 1
| #define OPAL_HAS_RFC4103 1
| #define OPAL_STATISTICS 1
| #define OPAL_FAX 1
| #define OPAL_H239 1
| #define OPAL_H235_6 1
| #define OPAL_LID 1
| /* end confdefs.h.  */
| #include <dahdi/user.h>
| int
| main ()
| {
| ;
|   ;
|   return 0;
| }
configure:10543: result: no
configure:10601: checking IVR support
configure:10656: result: yes
configure:10679: checking RFC4175 support
configure:10724: result: yes
configure:10747: checking RFC2435 support (experimental)
configure:10760: result: disabled by default
configure:10815: checking Packet Loss Concealment for G.711
configure:10850: result: yes
configure:10873: checking RTP Forward Error Correction (incomplete and experimental!)
configure:10886: result: disabled by default
configure:10931: checking RTCP Extended Reports support
configure:10966: result: yes
configure:10989: checking media mixing support
configure:11024: result: yes
configure:11047: checking PC sound system support
configure:11082: result: yes
configure:11105: checking script language support
configure:11140: result: yes
configure:11163: checking Performance checking hack
configure:11198: result: yes
configure:11221: checking bit scan intrinsic
configure:11247: gcc -o conftest -fno-omit-frame-pointer -march=i686   -Wall -Wno-unknown-pragmas  -I${includedir}/opal  conftest.c -lspeexdsp   >&5
configure:11247: $? = 0
configure:11247: ./conftest
configure:11247: $? = 0
configure:11249: result: yes
configure:11273: checking enable samples build
configure:11286: result: disabled by default
configure:11331: checking plugin support
configure:11366: result: yes
configure:11395: checking where plugins are being installed
configure:11418: result: "${libdir}/opal-3.19.5"
configure:11560: creating ./config.status

## ---------------------- ##
## Running config.status. ##
## ---------------------- ##

This file was extended by OPAL config.status 3.19alpha5, which was
generated by GNU Autoconf 2.69.  Invocation command line was

  CONFIG_FILES    = 
  CONFIG_HEADERS  = 
  CONFIG_LINKS    = 
  CONFIG_COMMANDS = 
  $ ./config.status 

on debian

config.status:1004: creating opal.pc
config.status:1004: creating opal.spec
config.status:1004: creating opal_cfg.dxy
config.status:1004: creating make/opal_config.mak
config.status:1004: creating samples/openphone/version.wxs
config.status:1004: creating samples/server/version.wxs
config.status:1004: creating include/opal_config.h
config.status:1179: include/opal_config.h is unchanged
config.status:1193: executing Platform-Makefile commands
configure:12813: === configuring in src/rtp/libsrtp (/home/ajoi1011/proyecto/opal/src/rtp/libsrtp)
configure:12876: running /bin/bash ./configure --disable-option-checking '--prefix=/usr/local'  '--disable-iax2' '--disable-h450' '--disable-h460' '--disable-h460nat' '--disable-h501' '--disable-skinny' '--enable-openssl' '--enable-openssl' --cache-file=/dev/null --srcdir=.
configure:12813: === configuring in plugins (/home/ajoi1011/proyecto/opal/plugins)
configure:12876: running /bin/bash ./configure --disable-option-checking '--prefix=/usr/local'  '--disable-iax2' '--disable-h450' '--disable-h460' '--disable-h460nat' '--disable-h501' '--disable-skinny' '--enable-openssl' '--enable-openssl' --cache-file=/dev/null --srcdir=.

## ---------------- ##
## Cache variables. ##
## ---------------- ##

ac_cv_build=i686-pc-linux-gnu
ac_cv_c_compiler_gnu=yes
ac_cv_c_int16_t=yes
ac_cv_c_int32_t=yes
ac_cv_c_int64_t=yes
ac_cv_c_int8_t=yes
ac_cv_c_uint16_t=yes
ac_cv_c_uint32_t=yes
ac_cv_c_uint64_t=yes
ac_cv_c_uint8_t=yes
ac_cv_cxx_compiler_gnu=yes
ac_cv_env_CAPI_CFLAGS_set=
ac_cv_env_CAPI_CFLAGS_value=
ac_cv_env_CAPI_LIBS_set=
ac_cv_env_CAPI_LIBS_value=
ac_cv_env_CCC_set=
ac_cv_env_CCC_value=
ac_cv_env_CC_set=
ac_cv_env_CC_value=
ac_cv_env_CFLAGS_set=
ac_cv_env_CFLAGS_value=
ac_cv_env_CPPFLAGS_set=
ac_cv_env_CPPFLAGS_value=
ac_cv_env_CPP_set=
ac_cv_env_CPP_value=
ac_cv_env_CXXFLAGS_set=
ac_cv_env_CXXFLAGS_value=
ac_cv_env_CXX_set=
ac_cv_env_CXX_value=
ac_cv_env_DAHDI_CFLAGS_set=
ac_cv_env_DAHDI_CFLAGS_value=
ac_cv_env_DAHDI_LIBS_set=
ac_cv_env_DAHDI_LIBS_value=
ac_cv_env_JAVA_CFLAGS_set=
ac_cv_env_JAVA_CFLAGS_value=
ac_cv_env_JAVA_LIBS_set=
ac_cv_env_JAVA_LIBS_value=
ac_cv_env_LDFLAGS_set=
ac_cv_env_LDFLAGS_value=
ac_cv_env_LIBS_set=
ac_cv_env_LIBS_value=
ac_cv_env_PKG_CONFIG_LIBDIR_set=
ac_cv_env_PKG_CONFIG_LIBDIR_value=
ac_cv_env_PKG_CONFIG_PATH_set=
ac_cv_env_PKG_CONFIG_PATH_value=
ac_cv_env_PKG_CONFIG_set=
ac_cv_env_PKG_CONFIG_value=
ac_cv_env_PTLIB_CFLAGS_set=
ac_cv_env_PTLIB_CFLAGS_value=
ac_cv_env_PTLIB_LIBS_set=
ac_cv_env_PTLIB_LIBS_value=
ac_cv_env_RUBY_CFLAGS_set=
ac_cv_env_RUBY_CFLAGS_value=
ac_cv_env_RUBY_LIBS_set=
ac_cv_env_RUBY_LIBS_value=
ac_cv_env_SPEEXDSP_CFLAGS_set=
ac_cv_env_SPEEXDSP_CFLAGS_value=
ac_cv_env_SPEEXDSP_LIBS_set=
ac_cv_env_SPEEXDSP_LIBS_value=
ac_cv_env_SRTP_CFLAGS_set=
ac_cv_env_SRTP_CFLAGS_value=
ac_cv_env_SRTP_LIBS_set=
ac_cv_env_SRTP_LIBS_value=
ac_cv_env_ZRTP_CFLAGS_set=
ac_cv_env_ZRTP_CFLAGS_value=
ac_cv_env_ZRTP_LIBS_set=
ac_cv_env_ZRTP_LIBS_value=
ac_cv_env_build_alias_set=
ac_cv_env_build_alias_value=
ac_cv_env_host_alias_set=
ac_cv_env_host_alias_value=
ac_cv_env_target_alias_set=
ac_cv_env_target_alias_value=
ac_cv_header_inttypes_h=yes
ac_cv_header_memory_h=yes
ac_cv_header_stdc=yes
ac_cv_header_stdint_h=yes
ac_cv_header_stdlib_h=yes
ac_cv_header_string_h=yes
ac_cv_header_strings_h=yes
ac_cv_header_sys_stat_h=yes
ac_cv_header_sys_types_h=yes
ac_cv_header_unistd_h=yes
ac_cv_host=i686-pc-linux-gnu
ac_cv_objext=o
ac_cv_path_EGREP='/bin/grep -E'
ac_cv_path_GIT=/usr/bin/git
ac_cv_path_GREP=/bin/grep
ac_cv_path_SVN=/usr/bin/svn
ac_cv_path_ac_pt_PKG_CONFIG=/usr/bin/pkg-config
ac_cv_path_install='/usr/bin/install -c'
ac_cv_prog_CPP='gcc -E'
ac_cv_prog_ac_ct_AR=ar
ac_cv_prog_ac_ct_CC=gcc
ac_cv_prog_ac_ct_CXX=g++
ac_cv_prog_ac_ct_OBJCOPY=objcopy
ac_cv_prog_ac_ct_RANLIB=ranlib
ac_cv_prog_ac_ct_STRIP=strip
ac_cv_prog_cc_c89=
ac_cv_prog_cc_g=yes
ac_cv_prog_cxx_g=yes
ac_cv_sizeof_int=4
ac_cv_target=i686-pc-linux-gnu
ac_cv_type_intptr_t=yes
ac_cv_type_long_double=yes
ac_cv_type_long_long_int=yes
ac_cv_type_uintptr_t=yes
ac_cv_type_unsigned_long_long_int=yes
pkg_cv_PTLIB_CFLAGS='-pthread -D_REENTRANT -Wall -Wno-unknown-pragmas -fno-diagnostics-show-caret -D_REENTRANT -DPTRACING=2 -fno-omit-frame-pointer -march=i686 -pthread -D__STDC_CONSTANT_MACROS -I/usr/local/include -I/usr/include/gstreamer-1.0 -I/usr/include/glib-2.0 -I/usr/lib/i386-linux-gnu/glib-2.0/include -I/usr/include/SDL2 -I/usr/include/ncursesw -I/usr/include/lua5.1 '
pkg_cv_PTLIB_LIBS='-L/usr/local/lib -lpt '
pkg_cv_SPEEXDSP_CFLAGS=
pkg_cv_SPEEXDSP_LIBS='-lspeexdsp '

## ----------------- ##
## Output variables. ##
## ----------------- ##

AR='ar'
ARFLAGS='rc'
CAPI_CFLAGS=''
CAPI_LIBS='-lcapi'
CAPI_SYSTEM='yes'
CAPI_USABLE='no'
CC='gcc'
CFLAGS='-fno-omit-frame-pointer -march=i686 '
CPLUSPLUS_STD=''
CPP='gcc -E'
CPPFLAGS=' -Wall -Wno-unknown-pragmas  -I${includedir}/opal'
CXX='g++'
CXXFLAGS='-Wno-overloaded-virtual -fno-omit-frame-pointer -march=i686  -Wno-deprecated-declarations'
DAHDI_CFLAGS=''
DAHDI_LIBS='-ltonezone'
DAHDI_SYSTEM='yes'
DAHDI_USABLE='no'
DEBUGINFOEXT='debug'
DEBUG_CFLAGS='-gdwarf-4 '
DEBUG_CPPFLAGS='-D_DEBUG '
DEFS='-DHAVE_CONFIG_H'
DSYMUTIL=''
ECHO_C=''
ECHO_N='-n'
ECHO_T=''
EGREP='/bin/grep -E'
EXEEXT=''
GIT='/usr/bin/git'
GREP='/bin/grep'
INSTALL_DATA='${INSTALL} -m 644'
INSTALL_PROGRAM='${INSTALL}'
INSTALL_SCRIPT='${INSTALL}'
JAVA_CFLAGS=''
JAVA_LIBS='-ljdk'
JAVA_SYSTEM='yes'
JAVA_USABLE='no'
LD='g++'
LDFLAGS=''
LIBOBJS=''
LIBS='-lspeexdsp  '
LN_S='ln -s'
LTLIBOBJS=''
MKDIR_P='mkdir -p'
OBJCOPY='objcopy'
OBJEXT='o'
OPAL_AEC='yes'
OPAL_CAPI='no'
OPAL_CSHARP='yes'
OPAL_DAHDI='no'
OPAL_FAX='yes'
OPAL_G711PLC='yes'
OPAL_H235_6='yes'
OPAL_H235_8='no'
OPAL_H239='yes'
OPAL_H323='yes'
OPAL_H450='no'
OPAL_H460='no'
OPAL_H460_NAT='no'
OPAL_H501='no'
OPAL_HAS_H224='yes'
OPAL_HAS_H281='yes'
OPAL_HAS_MIXER='yes'
OPAL_HAS_MSRP='yes'
OPAL_HAS_PCSS='yes'
OPAL_HAS_PRESENCE='yes'
OPAL_HAS_RFC4103='yes'
OPAL_HAS_SIPIM='yes'
OPAL_IAX2='no'
OPAL_IVR='yes'
OPAL_JAVA='no'
OPAL_LID='yes'
OPAL_MAJOR='3'
OPAL_MINOR='19'
OPAL_OEM='0'
OPAL_PATCH='5'
OPAL_PERFORMANCE_CHECK_HACK='yes'
OPAL_PLUGINS='yes'
OPAL_PLUGIN_DIR='${libdir}/opal-3.19.5'
OPAL_PTLIB_ASN='yes'
OPAL_PTLIB_AUDIO='yes'
OPAL_PTLIB_CLI='yes'
OPAL_PTLIB_CONFIG_FILE='yes'
OPAL_PTLIB_DNS_RESOLVER='yes'
OPAL_PTLIB_DTMF='yes'
OPAL_PTLIB_EXPAT='yes'
OPAL_PTLIB_GSTREAMER='yes'
OPAL_PTLIB_HTTP='yes'
OPAL_PTLIB_HTTPSVC='yes'
OPAL_PTLIB_IPV6='yes'
OPAL_PTLIB_LDAP='yes'
OPAL_PTLIB_SSL='no'
OPAL_PTLIB_SSL_AES='no'
OPAL_PTLIB_STUN='yes'
OPAL_PTLIB_URL='yes'
OPAL_PTLIB_VIDEO='yes'
OPAL_PTLIB_VXML='yes'
OPAL_PTLIB_WAVFILE='yes'
OPAL_RFC2435='no'
OPAL_RFC4175='yes'
OPAL_RTCP_XR='yes'
OPAL_RTP_FEC='no'
OPAL_RUBY='no'
OPAL_SAMPLES='no'
OPAL_SCRIPT='yes'
OPAL_SDP='yes'
OPAL_SIP='yes'
OPAL_SKINNY='no'
OPAL_SRTP='yes'
OPAL_STAGE='-alpha'
OPAL_STATISTICS='yes'
OPAL_T120DATA='no'
OPAL_T38_CAPABILITY='yes'
OPAL_VERSION='3.19.5'
OPAL_VIDEO='yes'
OPAL_ZRTP='no'
OPT_CFLAGS='-O3 '
OPT_CPPFLAGS='-DNDEBUG '
PACKAGE_BUGREPORT=''
PACKAGE_NAME='OPAL'
PACKAGE_STRING='OPAL 3.19alpha5'
PACKAGE_TARNAME='opal'
PACKAGE_URL=''
PACKAGE_VERSION='3.19alpha5'
PATH_SEPARATOR=':'
PKG_CONFIG='/usr/bin/pkg-config'
PKG_CONFIG_LIBDIR=''
PKG_CONFIG_PATH=''
PTLIB_CFLAGS='-pthread -D_REENTRANT -Wall -Wno-unknown-pragmas -fno-diagnostics-show-caret -D_REENTRANT -DPTRACING=2 -fno-omit-frame-pointer -march=i686 -pthread -D__STDC_CONSTANT_MACROS -I/usr/local/include -I/usr/include/gstreamer-1.0 -I/usr/include/glib-2.0 -I/usr/lib/i386-linux-gnu/glib-2.0/include -I/usr/include/SDL2 -I/usr/include/ncursesw -I/usr/include/lua5.1 '
PTLIB_LIBS='-L/usr/local/lib -lpt '
PTLIB_LIB_DIR='/usr/local/lib'
PTLIB_MAKE_DIR='/usr/local/share/ptlib/make'
P_PROFILING=''
RANLIB='ranlib'
RUBY_CFLAGS='/usr/local/lib/site_ruby/2.1.0 -I/usr/local/lib/i386-linux-gnu/site_ruby -I/usr/local/lib/site_ruby -I/usr/lib/ruby/vendor_ruby/2.1.0 -I/usr/lib/i386-linux-gnu/ruby/vendor_ruby/2.1.0 -I/usr/lib/ruby/vendor_ruby -I/usr/lib/ruby/2.1.0 -I/usr/lib/i386-linux-gnu/ruby/2.1.0'
RUBY_LIBS='-lruby'
RUBY_SYSTEM='yes'
RUBY_USABLE='no'
SHAREDLIBEXT='so'
SHARED_CPPFLAGS='-fPIC'
SHARED_LDFLAGS='-shared -Wl,--build-id,-soname,$(LIB_SONAME)'
SHELL='/bin/bash'
SPEEXDSP_CFLAGS=''
SPEEXDSP_LIBS='-lspeexdsp '
SPEEXDSP_SYSTEM='yes'
SPEEXDSP_USABLE='yes'
SRTP_CFLAGS=''
SRTP_LIBS=''
SRTP_SYSTEM='no'
SRTP_USABLE='yes'
STATICLIBEXT='a'
STRIP='strip'
SVN='/usr/bin/svn'
SWIG=''
ZRTP_CFLAGS=''
ZRTP_LIBS='-lzrtpi -lbn'
ZRTP_SYSTEM='yes'
ZRTP_USABLE='no'
ac_ct_CC='gcc'
ac_ct_CXX='g++'
bindir='${exec_prefix}/bin'
build='i686-pc-linux-gnu'
build_alias=''
build_cpu='i686'
build_os='linux-gnu'
build_vendor='pc'
datadir='${datarootdir}'
datarootdir='${prefix}/share'
docdir='${datarootdir}/doc/${PACKAGE_TARNAME}'
dvidir='${docdir}'
exec_prefix='${prefix}'
host='i686-pc-linux-gnu'
host_alias=''
host_cpu='i686'
host_os='linux-gnu'
host_vendor='pc'
htmldir='${docdir}'
includedir='${prefix}/include'
infodir='${datarootdir}/info'
libdir='${exec_prefix}/lib'
libexecdir='${exec_prefix}/libexec'
localedir='${datarootdir}/locale'
localstatedir='${prefix}/var'
makedir='${datarootdir}/opal/make'
mandir='${datarootdir}/man'
oldincludedir='/usr/include'
pdfdir='${docdir}'
prefix='/usr/local'
program_transform_name='s,x,x,'
psdir='${docdir}'
sbindir='${exec_prefix}/sbin'
sharedstatedir='${prefix}/com'
subdirs=' src/rtp/libsrtp plugins'
sysconfdir='${prefix}/etc'
target='linux_x86'
target_alias=''
target_cpu='x86'
target_os='linux'
target_vendor='pc'

## ----------- ##
## confdefs.h. ##
## ----------- ##

/* confdefs.h */
#define PACKAGE_NAME "OPAL"
#define PACKAGE_TARNAME "opal"
#define PACKAGE_VERSION "3.19alpha5"
#define PACKAGE_STRING "OPAL 3.19alpha5"
#define PACKAGE_BUGREPORT ""
#define PACKAGE_URL ""
#define STDC_HEADERS 1
#define HAVE_SYS_TYPES_H 1
#define HAVE_SYS_STAT_H 1
#define HAVE_STDLIB_H 1
#define HAVE_STRING_H 1
#define HAVE_MEMORY_H 1
#define HAVE_STRINGS_H 1
#define HAVE_INTTYPES_H 1
#define HAVE_STDINT_H 1
#define HAVE_UNISTD_H 1
#define SIZEOF_INT 4
#define HAVE_INTPTR_T 1
#define HAVE_UINTPTR_T 1
#define HAVE_UNSIGNED_LONG_LONG_INT 1
#define HAVE_LONG_LONG_INT 1
#define HAVE_UNSIGNED_LONG_LONG_INT 1
#define HAVE_LONG_DOUBLE 1
#define OPAL_MAJOR 3
#define OPAL_MINOR 19
#define OPAL_PATCH 5
#define OPAL_OEM 0
#define OPAL_VERSION "3.19.5"
#define OPAL_AEAD_CRYPTO_SUITES 1
#define HAS_SRTP_SRTP_H 0
#define OPAL_SRTP 1
#define OPAL_SYSTEM_SPEEX 1
#define OPAL_AEC 1
#define OPAL_CSHARP 1
#define OPAL_VIDEO 1
#define OPAL_SDP 1
#define OPAL_SIP 1
#define OPAL_H323 1
#define OPAL_HAS_H224 1
#define OPAL_HAS_H281 1
#define OPAL_T38_CAPABILITY 1
#define OPAL_HAS_PRESENCE 1
#define OPAL_HAS_MSRP 1
#define OPAL_HAS_SIPIM 1
#define OPAL_HAS_RFC4103 1
#define OPAL_STATISTICS 1
#define OPAL_FAX 1
#define OPAL_H239 1
#define OPAL_H235_6 1
#define OPAL_LID 1
#define OPAL_IVR 1
#define OPAL_RFC4175 1
#define OPAL_G711PLC 1
#define OPAL_RTCP_XR 1
#define OPAL_HAS_MIXER 1
#define OPAL_HAS_PCSS 1
#define OPAL_SCRIPT 1
#define OPAL_PERFORMANCE_CHECK_HACK 1
#define GCC_HAS_CLZ 1
#define OPAL_PLUGINS 1

configure: exit 0
