This file contains any messages produced by compilers while
running configure, to aid debugging if configure makes a mistake.

It was created by g722_1 configure 0.2.0, which was
generated by GNU Autoconf 2.69.  Invocation command line was

  $ ./configure --disable-option-checking --prefix=/usr/local --disable-h2356 --disable-h2358 --disable-h281 --disable-h450 --disable-h460 --disable-h460nat --disable-h501 --disable-iax2 --disable-t38 --disable-t120 --disable-h224 --disable-skinny --disable-lid --disable-presence --disable-csharp --enable-openssl --cache-file=/dev/null --srcdir=. --disable-shared --with-pic

## --------- ##
## Platform. ##
## --------- ##

hostname = dacer
uname -m = i686
uname -r = 5.10.0-9-686-pae
uname -s = Linux
uname -v = #1 SMP Debian 5.10.70-1 (2021-09-30)

/usr/bin/uname -p = unknown
/bin/uname -X     = unknown

/bin/arch              = i686
/usr/bin/arch -k       = unknown
/usr/convex/getsysinfo = unknown
/usr/bin/hostinfo      = unknown
/bin/machine           = unknown
/usr/bin/oslevel       = unknown
/bin/universe          = unknown

PATH: /usr/local/bin
PATH: /usr/bin
PATH: /bin
PATH: /usr/local/games
PATH: /usr/games


## ----------- ##
## Core tests. ##
## ----------- ##

configure:2680: checking for a BSD-compatible install
configure:2748: result: /usr/bin/install -c
configure:2759: checking whether build environment is sane
configure:2814: result: yes
configure:2852: WARNING: 'missing' script is too old or missing
configure:2965: checking for a thread-safe mkdir -p
configure:3004: result: /usr/bin/mkdir -p
configure:3011: checking for gawk
configure:3027: found /usr/bin/gawk
configure:3038: result: gawk
configure:3049: checking whether make sets $(MAKE)
configure:3071: result: yes
configure:3100: checking whether make supports nested variables
configure:3117: result: yes
configure:3206: checking build system type
configure:3220: result: i686-pc-linux-gnu
configure:3240: checking host system type
configure:3253: result: i686-pc-linux-gnu
configure:3322: checking for gcc
configure:3338: found /usr/bin/gcc
configure:3349: result: gcc
configure:3578: checking for C compiler version
configure:3587: gcc --version >&5
gcc (Debian 10.2.1-6) 10.2.1 20210110
Copyright (C) 2020 Free Software Foundation, Inc.
This is free software; see the source for copying conditions.  There is NO
warranty; not even for MERCHANTABILITY or FITNESS FOR A PARTICULAR PURPOSE.

configure:3598: $? = 0
configure:3587: gcc -v >&5
Using built-in specs.
COLLECT_GCC=gcc
COLLECT_LTO_WRAPPER=/usr/lib/gcc/i686-linux-gnu/10/lto-wrapper
Target: i686-linux-gnu
Configured with: ../src/configure -v --with-pkgversion='Debian 10.2.1-6' --with-bugurl=file:///usr/share/doc/gcc-10/README.Bugs --enable-languages=c,ada,c++,go,brig,d,fortran,objc,obj-c++,m2 --prefix=/usr --with-gcc-major-version-only --program-suffix=-10 --program-prefix=i686-linux-gnu- --enable-shared --enable-linker-build-id --libexecdir=/usr/lib --without-included-gettext --enable-threads=posix --libdir=/usr/lib --enable-nls --enable-bootstrap --enable-clocale=gnu --enable-libstdcxx-debug --enable-libstdcxx-time=yes --with-default-libstdcxx-abi=new --enable-gnu-unique-object --disable-vtable-verify --enable-plugin --enable-default-pie --with-system-zlib --enable-libphobos-checking=release --with-target-system-zlib=auto --enable-objc-gc=auto --enable-targets=all --enable-multiarch --disable-werror --with-arch-32=i686 --with-multilib-list=m32,m64,mx32 --enable-multilib --with-tune=generic --enable-checking=release --build=i686-linux-gnu --host=i686-linux-gnu --target=i686-linux-gnu
Thread model: posix
Supported LTO compression algorithms: zlib zstd
gcc version 10.2.1 20210110 (Debian 10.2.1-6) 
configure:3598: $? = 0
configure:3587: gcc -V >&5
gcc: error: unrecognized command-line option '-V'
gcc: fatal error: no input files
compilation terminated.
configure:3598: $? = 1
configure:3587: gcc -qversion >&5
gcc: error: unrecognized command-line option '-qversion'; did you mean '--version'?
gcc: fatal error: no input files
compilation terminated.
configure:3598: $? = 1
configure:3618: checking whether the C compiler works
configure:3640: gcc    conftest.c  >&5
configure:3644: $? = 0
configure:3692: result: yes
configure:3695: checking for C compiler default output file name
configure:3697: result: a.out
configure:3703: checking for suffix of executables
configure:3710: gcc -o conftest    conftest.c  >&5
configure:3714: $? = 0
configure:3736: result: 
configure:3758: checking whether we are cross compiling
configure:3766: gcc -o conftest    conftest.c  >&5
configure:3770: $? = 0
configure:3777: ./conftest
configure:3781: $? = 0
configure:3796: result: no
configure:3801: checking for suffix of object files
configure:3823: gcc -c   conftest.c >&5
configure:3827: $? = 0
configure:3848: result: o
configure:3852: checking whether we are using the GNU C compiler
configure:3871: gcc -c   conftest.c >&5
configure:3871: $? = 0
configure:3880: result: yes
configure:3889: checking whether gcc accepts -g
configure:3909: gcc -c -g  conftest.c >&5
configure:3909: $? = 0
configure:3950: result: yes
configure:3967: checking for gcc option to accept ISO C89
configure:4030: gcc  -c -g -O2  conftest.c >&5
configure:4030: $? = 0
configure:4043: result: none needed
configure:4074: checking for style of include used by make
configure:4102: result: GNU
configure:4128: checking dependency style of gcc
configure:4239: result: gcc3
configure:4312: checking for g++
configure:4328: found /usr/bin/g++
configure:4339: result: g++
configure:4366: checking for C++ compiler version
configure:4375: g++ --version >&5
g++ (Debian 10.2.1-6) 10.2.1 20210110
Copyright (C) 2020 Free Software Foundation, Inc.
This is free software; see the source for copying conditions.  There is NO
warranty; not even for MERCHANTABILITY or FITNESS FOR A PARTICULAR PURPOSE.

configure:4386: $? = 0
configure:4375: g++ -v >&5
Using built-in specs.
COLLECT_GCC=g++
COLLECT_LTO_WRAPPER=/usr/lib/gcc/i686-linux-gnu/10/lto-wrapper
Target: i686-linux-gnu
Configured with: ../src/configure -v --with-pkgversion='Debian 10.2.1-6' --with-bugurl=file:///usr/share/doc/gcc-10/README.Bugs --enable-languages=c,ada,c++,go,brig,d,fortran,objc,obj-c++,m2 --prefix=/usr --with-gcc-major-version-only --program-suffix=-10 --program-prefix=i686-linux-gnu- --enable-shared --enable-linker-build-id --libexecdir=/usr/lib --without-included-gettext --enable-threads=posix --libdir=/usr/lib --enable-nls --enable-bootstrap --enable-clocale=gnu --enable-libstdcxx-debug --enable-libstdcxx-time=yes --with-default-libstdcxx-abi=new --enable-gnu-unique-object --disable-vtable-verify --enable-plugin --enable-default-pie --with-system-zlib --enable-libphobos-checking=release --with-target-system-zlib=auto --enable-objc-gc=auto --enable-targets=all --enable-multiarch --disable-werror --with-arch-32=i686 --with-multilib-list=m32,m64,mx32 --enable-multilib --with-tune=generic --enable-checking=release --build=i686-linux-gnu --host=i686-linux-gnu --target=i686-linux-gnu
Thread model: posix
Supported LTO compression algorithms: zlib zstd
gcc version 10.2.1 20210110 (Debian 10.2.1-6) 
configure:4386: $? = 0
configure:4375: g++ -V >&5
g++: error: unrecognized command-line option '-V'
g++: fatal error: no input files
compilation terminated.
configure:4386: $? = 1
configure:4375: g++ -qversion >&5
g++: error: unrecognized command-line option '-qversion'; did you mean '--version'?
g++: fatal error: no input files
compilation terminated.
configure:4386: $? = 1
configure:4390: checking whether we are using the GNU C++ compiler
configure:4409: g++ -c   conftest.cpp >&5
configure:4409: $? = 0
configure:4418: result: yes
configure:4427: checking whether g++ accepts -g
configure:4447: g++ -c -g  conftest.cpp >&5
configure:4447: $? = 0
configure:4488: result: yes
configure:4513: checking dependency style of g++
configure:4624: result: gcc3
configure:4645: checking how to run the C preprocessor
configure:4676: gcc -E  conftest.c
configure:4676: $? = 0
configure:4690: gcc -E  conftest.c
conftest.c:11:10: fatal error: ac_nonexistent.h: No such file or directory
   11 | #include <ac_nonexistent.h>
      |          ^~~~~~~~~~~~~~~~~~
compilation terminated.
configure:4690: $? = 1
configure: failed program was:
| /* confdefs.h */
| #define PACKAGE_NAME "g722_1"
| #define PACKAGE_TARNAME "g722_1"
| #define PACKAGE_VERSION "0.2.0"
| #define PACKAGE_STRING "g722_1 0.2.0"
| #define PACKAGE_BUGREPORT ""
| #define PACKAGE_URL ""
| #define PACKAGE "g722_1"
| #define VERSION "0.2.0"
| /* end confdefs.h.  */
| #include <ac_nonexistent.h>
configure:4715: result: gcc -E
configure:4735: gcc -E  conftest.c
configure:4735: $? = 0
configure:4749: gcc -E  conftest.c
conftest.c:11:10: fatal error: ac_nonexistent.h: No such file or directory
   11 | #include <ac_nonexistent.h>
      |          ^~~~~~~~~~~~~~~~~~
compilation terminated.
configure:4749: $? = 1
configure: failed program was:
| /* confdefs.h */
| #define PACKAGE_NAME "g722_1"
| #define PACKAGE_TARNAME "g722_1"
| #define PACKAGE_VERSION "0.2.0"
| #define PACKAGE_STRING "g722_1 0.2.0"
| #define PACKAGE_BUGREPORT ""
| #define PACKAGE_URL ""
| #define PACKAGE "g722_1"
| #define VERSION "0.2.0"
| /* end confdefs.h.  */
| #include <ac_nonexistent.h>
configure:4778: checking for grep that handles long lines and -e
configure:4836: result: /usr/bin/grep
configure:4841: checking for egrep
configure:4903: result: /usr/bin/grep -E
configure:4909: checking whether gcc needs -traditional
configure:4943: result: no
configure:4996: checking how to print strings
configure:5023: result: printf
configure:5044: checking for a sed that does not truncate output
configure:5108: result: /usr/bin/sed
configure:5126: checking for fgrep
configure:5188: result: /usr/bin/grep -F
configure:5223: checking for ld used by gcc
configure:5290: result: /usr/bin/ld
configure:5297: checking if the linker (/usr/bin/ld) is GNU ld
configure:5312: result: yes
configure:5324: checking for BSD- or MS-compatible name lister (nm)
configure:5373: result: /usr/bin/nm -B
configure:5503: checking the name lister (/usr/bin/nm -B) interface
configure:5510: gcc -c -g -O2  conftest.c >&5
configure:5513: /usr/bin/nm -B "conftest.o"
configure:5516: output
00000000 B some_variable
configure:5523: result: BSD nm
configure:5526: checking whether ln -s works
configure:5530: result: yes
configure:5538: checking the maximum length of command line arguments
configure:5668: result: 1572864
configure:5685: checking whether the shell understands some XSI constructs
configure:5695: result: yes
configure:5699: checking whether the shell understands "+="
configure:5705: result: yes
configure:5740: checking how to convert i686-pc-linux-gnu file names to i686-pc-linux-gnu format
configure:5780: result: func_convert_file_noop
configure:5787: checking how to convert i686-pc-linux-gnu file names to toolchain format
configure:5807: result: func_convert_file_noop
configure:5814: checking for /usr/bin/ld option to reload object files
configure:5821: result: -r
configure:5895: checking for objdump
configure:5911: found /usr/bin/objdump
configure:5922: result: objdump
configure:5954: checking how to recognize dependent libraries
configure:6156: result: pass_all
configure:6241: checking for dlltool
configure:6271: result: no
configure:6301: checking how to associate runtime and link libraries
configure:6328: result: printf %s\n
configure:6388: checking for ar
configure:6404: found /usr/bin/ar
configure:6415: result: ar
configure:6452: checking for archiver @FILE support
configure:6469: gcc -c -g -O2  conftest.c >&5
configure:6469: $? = 0
configure:6472: ar cru libconftest.a @conftest.lst >&5
ar: `u' modifier ignored since `D' is the default (see `U')
configure:6475: $? = 0
configure:6480: ar cru libconftest.a @conftest.lst >&5
ar: `u' modifier ignored since `D' is the default (see `U')
ar: conftest.o: No such file or directory
configure:6483: $? = 1
configure:6495: result: @
configure:6553: checking for strip
configure:6569: found /usr/bin/strip
configure:6580: result: strip
configure:6652: checking for ranlib
configure:6668: found /usr/bin/ranlib
configure:6679: result: ranlib
configure:6781: checking command to parse /usr/bin/nm -B output from gcc object
configure:6901: gcc -c -g -O2  conftest.c >&5
configure:6904: $? = 0
configure:6908: /usr/bin/nm -B conftest.o \| sed -n -e 's/^.*[ ]\([ABCDGIRSTW][ABCDGIRSTW]*\)[ ][ ]*\([_A-Za-z][_A-Za-z0-9]*\)$/\1 \2 \2/p' | sed '/ __gnu_lto/d' \> conftest.nm
configure:6911: $? = 0
configure:6977: gcc -o conftest -g -O2   conftest.c conftstm.o >&5
configure:6980: $? = 0
configure:7018: result: ok
configure:7055: checking for sysroot
configure:7085: result: no
configure:7347: checking for mt
configure:7363: found /usr/bin/mt
configure:7374: result: mt
configure:7397: checking if mt is a manifest tool
configure:7403: mt '-?'
configure:7411: result: no
configure:8048: checking for ANSI C header files
configure:8068: gcc -c -g -O2  conftest.c >&5
configure:8068: $? = 0
configure:8141: gcc -o conftest -g -O2   conftest.c  >&5
configure:8141: $? = 0
configure:8141: ./conftest
configure:8141: $? = 0
configure:8152: result: yes
configure:8165: checking for sys/types.h
configure:8165: gcc -c -g -O2  conftest.c >&5
configure:8165: $? = 0
configure:8165: result: yes
configure:8165: checking for sys/stat.h
configure:8165: gcc -c -g -O2  conftest.c >&5
configure:8165: $? = 0
configure:8165: result: yes
configure:8165: checking for stdlib.h
configure:8165: gcc -c -g -O2  conftest.c >&5
configure:8165: $? = 0
configure:8165: result: yes
configure:8165: checking for string.h
configure:8165: gcc -c -g -O2  conftest.c >&5
configure:8165: $? = 0
configure:8165: result: yes
configure:8165: checking for memory.h
configure:8165: gcc -c -g -O2  conftest.c >&5
configure:8165: $? = 0
configure:8165: result: yes
configure:8165: checking for strings.h
configure:8165: gcc -c -g -O2  conftest.c >&5
configure:8165: $? = 0
configure:8165: result: yes
configure:8165: checking for inttypes.h
configure:8165: gcc -c -g -O2  conftest.c >&5
configure:8165: $? = 0
configure:8165: result: yes
configure:8165: checking for stdint.h
configure:8165: gcc -c -g -O2  conftest.c >&5
configure:8165: $? = 0
configure:8165: result: yes
configure:8165: checking for unistd.h
configure:8165: gcc -c -g -O2  conftest.c >&5
configure:8165: $? = 0
configure:8165: result: yes
configure:8179: checking for dlfcn.h
configure:8179: gcc -c -g -O2  conftest.c >&5
configure:8179: $? = 0
configure:8179: result: yes
configure:8396: checking for objdir
configure:8411: result: .libs
configure:8678: checking if gcc supports -fno-rtti -fno-exceptions
configure:8696: gcc -c -g -O2  -fno-rtti -fno-exceptions conftest.c >&5
cc1: warning: command-line option '-fno-rtti' is valid for C++/D/ObjC++ but not for C
configure:8700: $? = 0
configure:8713: result: no
configure:9040: checking for gcc option to produce PIC
configure:9047: result: -fPIC -DPIC
configure:9055: checking if gcc PIC flag -fPIC -DPIC works
configure:9073: gcc -c -g -O2  -fPIC -DPIC -DPIC conftest.c >&5
configure:9077: $? = 0
configure:9090: result: yes
configure:9119: checking if gcc static flag -static works
configure:9147: result: yes
configure:9162: checking if gcc supports -c -o file.o
configure:9183: gcc -c -g -O2  -o out/conftest2.o conftest.c >&5
configure:9187: $? = 0
configure:9209: result: yes
configure:9217: checking if gcc supports -c -o file.o
configure:9264: result: yes
configure:9297: checking whether the gcc linker (/usr/bin/ld) supports shared libraries
configure:10450: result: yes
configure:10690: checking dynamic linker characteristics
configure:11201: gcc -o conftest -g -O2   -Wl,-rpath -Wl,/foo conftest.c  >&5
configure:11201: $? = 0
configure:11427: result: GNU/Linux ld.so
configure:11534: checking how to hardcode library paths into programs
configure:11559: result: immediate
configure:12099: checking whether stripping libraries is possible
configure:12104: result: yes
configure:12139: checking if libtool supports shared libraries
configure:12141: result: yes
configure:12144: checking whether to build shared libraries
configure:12165: result: no
configure:12168: checking whether to build static libraries
configure:12172: result: yes
configure:12195: checking how to run the C++ preprocessor
configure:12222: g++ -E  conftest.cpp
configure:12222: $? = 0
configure:12236: g++ -E  conftest.cpp
conftest.cpp:23:10: fatal error: ac_nonexistent.h: No such file or directory
   23 | #include <ac_nonexistent.h>
      |          ^~~~~~~~~~~~~~~~~~
compilation terminated.
configure:12236: $? = 1
configure: failed program was:
| /* confdefs.h */
| #define PACKAGE_NAME "g722_1"
| #define PACKAGE_TARNAME "g722_1"
| #define PACKAGE_VERSION "0.2.0"
| #define PACKAGE_STRING "g722_1 0.2.0"
| #define PACKAGE_BUGREPORT ""
| #define PACKAGE_URL ""
| #define PACKAGE "g722_1"
| #define VERSION "0.2.0"
| #define STDC_HEADERS 1
| #define HAVE_SYS_TYPES_H 1
| #define HAVE_SYS_STAT_H 1
| #define HAVE_STDLIB_H 1
| #define HAVE_STRING_H 1
| #define HAVE_MEMORY_H 1
| #define HAVE_STRINGS_H 1
| #define HAVE_INTTYPES_H 1
| #define HAVE_STDINT_H 1
| #define HAVE_UNISTD_H 1
| #define HAVE_DLFCN_H 1
| #define LT_OBJDIR ".libs/"
| /* end confdefs.h.  */
| #include <ac_nonexistent.h>
configure:12261: result: g++ -E
configure:12281: g++ -E  conftest.cpp
configure:12281: $? = 0
configure:12295: g++ -E  conftest.cpp
conftest.cpp:23:10: fatal error: ac_nonexistent.h: No such file or directory
   23 | #include <ac_nonexistent.h>
      |          ^~~~~~~~~~~~~~~~~~
compilation terminated.
configure:12295: $? = 1
configure: failed program was:
| /* confdefs.h */
| #define PACKAGE_NAME "g722_1"
| #define PACKAGE_TARNAME "g722_1"
| #define PACKAGE_VERSION "0.2.0"
| #define PACKAGE_STRING "g722_1 0.2.0"
| #define PACKAGE_BUGREPORT ""
| #define PACKAGE_URL ""
| #define PACKAGE "g722_1"
| #define VERSION "0.2.0"
| #define STDC_HEADERS 1
| #define HAVE_SYS_TYPES_H 1
| #define HAVE_SYS_STAT_H 1
| #define HAVE_STDLIB_H 1
| #define HAVE_STRING_H 1
| #define HAVE_MEMORY_H 1
| #define HAVE_STRINGS_H 1
| #define HAVE_INTTYPES_H 1
| #define HAVE_STDINT_H 1
| #define HAVE_UNISTD_H 1
| #define HAVE_DLFCN_H 1
| #define LT_OBJDIR ".libs/"
| /* end confdefs.h.  */
| #include <ac_nonexistent.h>
configure:12464: checking for ld used by g++
configure:12531: result: /usr/bin/ld
configure:12538: checking if the linker (/usr/bin/ld) is GNU ld
configure:12553: result: yes
configure:12608: checking whether the g++ linker (/usr/bin/ld) supports shared libraries
configure:13613: result: yes
configure:13649: g++ -c -g -O2  conftest.cpp >&5
configure:13652: $? = 0
configure:14172: checking for g++ option to produce PIC
configure:14179: result: -fPIC -DPIC
configure:14187: checking if g++ PIC flag -fPIC -DPIC works
configure:14205: g++ -c -g -O2  -fPIC -DPIC -DPIC conftest.cpp >&5
configure:14209: $? = 0
configure:14222: result: yes
configure:14245: checking if g++ static flag -static works
configure:14273: result: yes
configure:14285: checking if g++ supports -c -o file.o
configure:14306: g++ -c -g -O2  -o out/conftest2.o conftest.cpp >&5
configure:14310: $? = 0
configure:14332: result: yes
configure:14337: checking if g++ supports -c -o file.o
configure:14384: result: yes
configure:14414: checking whether the g++ linker (/usr/bin/ld) supports shared libraries
configure:14450: result: yes
configure:14591: checking dynamic linker characteristics
configure:15262: result: GNU/Linux ld.so
configure:15315: checking how to hardcode library paths into programs
configure:15340: result: immediate
configure:15409: checking for C compiler vendor
configure:15433: gcc -c -g -O2  conftest.c >&5
conftest.c: In function 'main':
conftest.c:29:7: error: 'thisisanerror' undeclared (first use in this function)
   29 |       thisisanerror;
      |       ^~~~~~~~~~~~~
conftest.c:29:7: note: each undeclared identifier is reported only once for each function it appears in
configure:15433: $? = 1
configure: failed program was:
| /* confdefs.h */
| #define PACKAGE_NAME "g722_1"
| #define PACKAGE_TARNAME "g722_1"
| #define PACKAGE_VERSION "0.2.0"
| #define PACKAGE_STRING "g722_1 0.2.0"
| #define PACKAGE_BUGREPORT ""
| #define PACKAGE_URL ""
| #define PACKAGE "g722_1"
| #define VERSION "0.2.0"
| #define STDC_HEADERS 1
| #define HAVE_SYS_TYPES_H 1
| #define HAVE_SYS_STAT_H 1
| #define HAVE_STDLIB_H 1
| #define HAVE_STRING_H 1
| #define HAVE_MEMORY_H 1
| #define HAVE_STRINGS_H 1
| #define HAVE_INTTYPES_H 1
| #define HAVE_STDINT_H 1
| #define HAVE_UNISTD_H 1
| #define HAVE_DLFCN_H 1
| #define LT_OBJDIR ".libs/"
| /* end confdefs.h.  */
| 
| int
| main ()
| {
| 
| #if !(defined(__ICC) || defined(__ECC) || defined(__INTEL_COMPILER))
|       thisisanerror;
| #endif
| 
|   ;
|   return 0;
| }
configure:15433: gcc -c -g -O2  conftest.c >&5
conftest.c: In function 'main':
conftest.c:29:7: error: 'thisisanerror' undeclared (first use in this function)
   29 |       thisisanerror;
      |       ^~~~~~~~~~~~~
conftest.c:29:7: note: each undeclared identifier is reported only once for each function it appears in
configure:15433: $? = 1
configure: failed program was:
| /* confdefs.h */
| #define PACKAGE_NAME "g722_1"
| #define PACKAGE_TARNAME "g722_1"
| #define PACKAGE_VERSION "0.2.0"
| #define PACKAGE_STRING "g722_1 0.2.0"
| #define PACKAGE_BUGREPORT ""
| #define PACKAGE_URL ""
| #define PACKAGE "g722_1"
| #define VERSION "0.2.0"
| #define STDC_HEADERS 1
| #define HAVE_SYS_TYPES_H 1
| #define HAVE_SYS_STAT_H 1
| #define HAVE_STDLIB_H 1
| #define HAVE_STRING_H 1
| #define HAVE_MEMORY_H 1
| #define HAVE_STRINGS_H 1
| #define HAVE_INTTYPES_H 1
| #define HAVE_STDINT_H 1
| #define HAVE_UNISTD_H 1
| #define HAVE_DLFCN_H 1
| #define LT_OBJDIR ".libs/"
| /* end confdefs.h.  */
| 
| int
| main ()
| {
| 
| #if !(defined(__xlc__) || defined(__xlC__) || defined(__IBMC__) || defined(__IBMCPP__))
|       thisisanerror;
| #endif
| 
|   ;
|   return 0;
| }
configure:15433: gcc -c -g -O2  conftest.c >&5
conftest.c: In function 'main':
conftest.c:29:7: error: 'thisisanerror' undeclared (first use in this function)
   29 |       thisisanerror;
      |       ^~~~~~~~~~~~~
conftest.c:29:7: note: each undeclared identifier is reported only once for each function it appears in
configure:15433: $? = 1
configure: failed program was:
| /* confdefs.h */
| #define PACKAGE_NAME "g722_1"
| #define PACKAGE_TARNAME "g722_1"
| #define PACKAGE_VERSION "0.2.0"
| #define PACKAGE_STRING "g722_1 0.2.0"
| #define PACKAGE_BUGREPORT ""
| #define PACKAGE_URL ""
| #define PACKAGE "g722_1"
| #define VERSION "0.2.0"
| #define STDC_HEADERS 1
| #define HAVE_SYS_TYPES_H 1
| #define HAVE_SYS_STAT_H 1
| #define HAVE_STDLIB_H 1
| #define HAVE_STRING_H 1
| #define HAVE_MEMORY_H 1
| #define HAVE_STRINGS_H 1
| #define HAVE_INTTYPES_H 1
| #define HAVE_STDINT_H 1
| #define HAVE_UNISTD_H 1
| #define HAVE_DLFCN_H 1
| #define LT_OBJDIR ".libs/"
| /* end confdefs.h.  */
| 
| int
| main ()
| {
| 
| #if !(defined(__PATHCC__) || defined(__PATHSCALE__))
|       thisisanerror;
| #endif
| 
|   ;
|   return 0;
| }
configure:15433: gcc -c -g -O2  conftest.c >&5
configure:15433: $? = 0
configure:15440: result: gnu
configure:15513: checking for gcc
configure:15540: result: gcc
configure:15769: checking for C compiler version
configure:15778: gcc --version >&5
gcc (Debian 10.2.1-6) 10.2.1 20210110
Copyright (C) 2020 Free Software Foundation, Inc.
This is free software; see the source for copying conditions.  There is NO
warranty; not even for MERCHANTABILITY or FITNESS FOR A PARTICULAR PURPOSE.

configure:15789: $? = 0
configure:15778: gcc -v >&5
Using built-in specs.
COLLECT_GCC=gcc
COLLECT_LTO_WRAPPER=/usr/lib/gcc/i686-linux-gnu/10/lto-wrapper
Target: i686-linux-gnu
Configured with: ../src/configure -v --with-pkgversion='Debian 10.2.1-6' --with-bugurl=file:///usr/share/doc/gcc-10/README.Bugs --enable-languages=c,ada,c++,go,brig,d,fortran,objc,obj-c++,m2 --prefix=/usr --with-gcc-major-version-only --program-suffix=-10 --program-prefix=i686-linux-gnu- --enable-shared --enable-linker-build-id --libexecdir=/usr/lib --without-included-gettext --enable-threads=posix --libdir=/usr/lib --enable-nls --enable-bootstrap --enable-clocale=gnu --enable-libstdcxx-debug --enable-libstdcxx-time=yes --with-default-libstdcxx-abi=new --enable-gnu-unique-object --disable-vtable-verify --enable-plugin --enable-default-pie --with-system-zlib --enable-libphobos-checking=release --with-target-system-zlib=auto --enable-objc-gc=auto --enable-targets=all --enable-multiarch --disable-werror --with-arch-32=i686 --with-multilib-list=m32,m64,mx32 --enable-multilib --with-tune=generic --enable-checking=release --build=i686-linux-gnu --host=i686-linux-gnu --target=i686-linux-gnu
Thread model: posix
Supported LTO compression algorithms: zlib zstd
gcc version 10.2.1 20210110 (Debian 10.2.1-6) 
configure:15789: $? = 0
configure:15778: gcc -V >&5
gcc: error: unrecognized command-line option '-V'
gcc: fatal error: no input files
compilation terminated.
configure:15789: $? = 1
configure:15778: gcc -qversion >&5
gcc: error: unrecognized command-line option '-qversion'; did you mean '--version'?
gcc: fatal error: no input files
compilation terminated.
configure:15789: $? = 1
configure:15793: checking whether we are using the GNU C compiler
configure:15821: result: yes
configure:15830: checking whether gcc accepts -g
configure:15891: result: yes
configure:15908: checking for gcc option to accept ISO C89
configure:15984: result: none needed
configure:16006: checking dependency style of gcc
configure:16117: result: gcc3
configure:16161: checking for an ANSI C-conforming const
configure:16227: gcc -c -g -O2  conftest.c >&5
configure:16227: $? = 0
configure:16234: result: yes
configure:16242: checking for inline
configure:16258: gcc -c -g -O2  conftest.c >&5
configure:16258: $? = 0
configure:16266: result: inline
configure:16284: checking for working volatile
configure:16303: gcc -c -g -O2  conftest.c >&5
configure:16303: $? = 0
configure:16310: result: yes
configure:16319: checking for long long
configure:16319: gcc -c -g -O2  conftest.c >&5
configure:16319: $? = 0
configure:16319: gcc -c -g -O2  conftest.c >&5
conftest.c: In function 'main':
conftest.c:59:24: error: expected expression before ')' token
   59 | if (sizeof ((long long)))
      |                        ^
configure:16319: $? = 1
configure: failed program was:
| /* confdefs.h */
| #define PACKAGE_NAME "g722_1"
| #define PACKAGE_TARNAME "g722_1"
| #define PACKAGE_VERSION "0.2.0"
| #define PACKAGE_STRING "g722_1 0.2.0"
| #define PACKAGE_BUGREPORT ""
| #define PACKAGE_URL ""
| #define PACKAGE "g722_1"
| #define VERSION "0.2.0"
| #define STDC_HEADERS 1
| #define HAVE_SYS_TYPES_H 1
| #define HAVE_SYS_STAT_H 1
| #define HAVE_STDLIB_H 1
| #define HAVE_STRING_H 1
| #define HAVE_MEMORY_H 1
| #define HAVE_STRINGS_H 1
| #define HAVE_INTTYPES_H 1
| #define HAVE_STDINT_H 1
| #define HAVE_UNISTD_H 1
| #define HAVE_DLFCN_H 1
| #define LT_OBJDIR ".libs/"
| /* end confdefs.h.  */
| #include <stdio.h>
| #ifdef HAVE_SYS_TYPES_H
| # include <sys/types.h>
| #endif
| #ifdef HAVE_SYS_STAT_H
| # include <sys/stat.h>
| #endif
| #ifdef STDC_HEADERS
| # include <stdlib.h>
| # include <stddef.h>
| #else
| # ifdef HAVE_STDLIB_H
| #  include <stdlib.h>
| # endif
| #endif
| #ifdef HAVE_STRING_H
| # if !defined STDC_HEADERS && defined HAVE_MEMORY_H
| #  include <memory.h>
| # endif
| # include <string.h>
| #endif
| #ifdef HAVE_STRINGS_H
| # include <strings.h>
| #endif
| #ifdef HAVE_INTTYPES_H
| # include <inttypes.h>
| #endif
| #ifdef HAVE_STDINT_H
| # include <stdint.h>
| #endif
| #ifdef HAVE_UNISTD_H
| # include <unistd.h>
| #endif
| int
| main ()
| {
| if (sizeof ((long long)))
| 	    return 0;
|   ;
|   return 0;
| }
configure:16319: result: yes
configure:16329: checking for long double
configure:16329: gcc -c -g -O2  conftest.c >&5
configure:16329: $? = 0
configure:16329: gcc -c -g -O2  conftest.c >&5
conftest.c: In function 'main':
conftest.c:60:26: error: expected expression before ')' token
   60 | if (sizeof ((long double)))
      |                          ^
configure:16329: $? = 1
configure: failed program was:
| /* confdefs.h */
| #define PACKAGE_NAME "g722_1"
| #define PACKAGE_TARNAME "g722_1"
| #define PACKAGE_VERSION "0.2.0"
| #define PACKAGE_STRING "g722_1 0.2.0"
| #define PACKAGE_BUGREPORT ""
| #define PACKAGE_URL ""
| #define PACKAGE "g722_1"
| #define VERSION "0.2.0"
| #define STDC_HEADERS 1
| #define HAVE_SYS_TYPES_H 1
| #define HAVE_SYS_STAT_H 1
| #define HAVE_STDLIB_H 1
| #define HAVE_STRING_H 1
| #define HAVE_MEMORY_H 1
| #define HAVE_STRINGS_H 1
| #define HAVE_INTTYPES_H 1
| #define HAVE_STDINT_H 1
| #define HAVE_UNISTD_H 1
| #define HAVE_DLFCN_H 1
| #define LT_OBJDIR ".libs/"
| #define HAVE_LONG_LONG 1
| /* end confdefs.h.  */
| #include <stdio.h>
| #ifdef HAVE_SYS_TYPES_H
| # include <sys/types.h>
| #endif
| #ifdef HAVE_SYS_STAT_H
| # include <sys/stat.h>
| #endif
| #ifdef STDC_HEADERS
| # include <stdlib.h>
| # include <stddef.h>
| #else
| # ifdef HAVE_STDLIB_H
| #  include <stdlib.h>
| # endif
| #endif
| #ifdef HAVE_STRING_H
| # if !defined STDC_HEADERS && defined HAVE_MEMORY_H
| #  include <memory.h>
| # endif
| # include <string.h>
| #endif
| #ifdef HAVE_STRINGS_H
| # include <strings.h>
| #endif
| #ifdef HAVE_INTTYPES_H
| # include <inttypes.h>
| #endif
| #ifdef HAVE_STDINT_H
| # include <stdint.h>
| #endif
| #ifdef HAVE_UNISTD_H
| # include <unistd.h>
| #endif
| int
| main ()
| {
| if (sizeof ((long double)))
| 	    return 0;
|   ;
|   return 0;
| }
configure:16329: result: yes
configure:16340: checking return type of signal handlers
configure:16358: gcc -c -g -O2  conftest.c >&5
conftest.c: In function 'main':
conftest.c:31:10: error: void value not ignored as it ought to be
   31 | return *(signal (0, 0)) (0) == 1;
      |         ~^~~~~~~~~~~~~~~~~~
configure:16358: $? = 1
configure: failed program was:
| /* confdefs.h */
| #define PACKAGE_NAME "g722_1"
| #define PACKAGE_TARNAME "g722_1"
| #define PACKAGE_VERSION "0.2.0"
| #define PACKAGE_STRING "g722_1 0.2.0"
| #define PACKAGE_BUGREPORT ""
| #define PACKAGE_URL ""
| #define PACKAGE "g722_1"
| #define VERSION "0.2.0"
| #define STDC_HEADERS 1
| #define HAVE_SYS_TYPES_H 1
| #define HAVE_SYS_STAT_H 1
| #define HAVE_STDLIB_H 1
| #define HAVE_STRING_H 1
| #define HAVE_MEMORY_H 1
| #define HAVE_STRINGS_H 1
| #define HAVE_INTTYPES_H 1
| #define HAVE_STDINT_H 1
| #define HAVE_UNISTD_H 1
| #define HAVE_DLFCN_H 1
| #define LT_OBJDIR ".libs/"
| #define HAVE_LONG_LONG 1
| #define HAVE_LONG_DOUBLE 1
| /* end confdefs.h.  */
| #include <sys/types.h>
| #include <signal.h>
| 
| int
| main ()
| {
| return *(signal (0, 0)) (0) == 1;
|   ;
|   return 0;
| }
configure:16365: result: void
configure:16435: checking for error_at_line
configure:16451: gcc -o conftest -g -O2   conftest.c  >&5
configure:16451: $? = 0
configure:16459: result: yes
configure:16472: checking for vprintf
configure:16472: gcc -o conftest -g -O2   conftest.c  >&5
conftest.c:49:6: warning: conflicting types for built-in function 'vprintf'; expected 'int(const char *, char *)' [-Wbuiltin-declaration-mismatch]
   49 | char vprintf ();
      |      ^~~~~~~
conftest.c:37:1: note: 'vprintf' is declared in header '<stdio.h>'
   36 | # include <limits.h>
   37 | #else
configure:16472: $? = 0
configure:16472: result: yes
configure:16478: checking for _doprnt
configure:16478: gcc -o conftest -g -O2   conftest.c  >&5
/usr/bin/ld: /tmp/cc1PPoUG.o: in function `main':
/home/ajoi1011/Applications/opal/plugins/audio/G.722.1/libg722_1/conftest.c:61: undefined reference to `_doprnt'
collect2: error: ld returned 1 exit status
configure:16478: $? = 1
configure: failed program was:
| /* confdefs.h */
| #define PACKAGE_NAME "g722_1"
| #define PACKAGE_TARNAME "g722_1"
| #define PACKAGE_VERSION "0.2.0"
| #define PACKAGE_STRING "g722_1 0.2.0"
| #define PACKAGE_BUGREPORT ""
| #define PACKAGE_URL ""
| #define PACKAGE "g722_1"
| #define VERSION "0.2.0"
| #define STDC_HEADERS 1
| #define HAVE_SYS_TYPES_H 1
| #define HAVE_SYS_STAT_H 1
| #define HAVE_STDLIB_H 1
| #define HAVE_STRING_H 1
| #define HAVE_MEMORY_H 1
| #define HAVE_STRINGS_H 1
| #define HAVE_INTTYPES_H 1
| #define HAVE_STDINT_H 1
| #define HAVE_UNISTD_H 1
| #define HAVE_DLFCN_H 1
| #define LT_OBJDIR ".libs/"
| #define HAVE_LONG_LONG 1
| #define HAVE_LONG_DOUBLE 1
| #define RETSIGTYPE void
| #define HAVE_VPRINTF 1
| /* end confdefs.h.  */
| /* Define _doprnt to an innocuous variant, in case <limits.h> declares _doprnt.
|    For example, HP-UX 11i <limits.h> declares gettimeofday.  */
| #define _doprnt innocuous__doprnt
| 
| /* System header to define __stub macros and hopefully few prototypes,
|     which can conflict with char _doprnt (); below.
|     Prefer <limits.h> to <assert.h> if __STDC__ is defined, since
|     <limits.h> exists even on freestanding compilers.  */
| 
| #ifdef __STDC__
| # include <limits.h>
| #else
| # include <assert.h>
| #endif
| 
| #undef _doprnt
| 
| /* Override any GCC internal prototype to avoid an error.
|    Use char because int might match the return type of a GCC
|    builtin and then its argument prototype would still apply.  */
| #ifdef __cplusplus
| extern "C"
| #endif
| char _doprnt ();
| /* The GNU C library defines this for functions which it implements
|     to always fail with ENOSYS.  Some functions are actually named
|     something starting with __ and the normal name is an alias.  */
| #if defined __stub__doprnt || defined __stub____doprnt
| choke me
| #endif
| 
| int
| main ()
| {
| return _doprnt ();
|   ;
|   return 0;
| }
configure:16478: result: no
configure:16491: checking for stdlib.h
configure:16491: result: yes
configure:16501: checking for GNU libc compatible malloc
configure:16525: gcc -o conftest -g -O2   conftest.c  >&5
configure:16525: $? = 0
configure:16525: ./conftest
configure:16525: $? = 0
configure:16535: result: yes
configure:16556: checking for working memcmp
configure:16599: gcc -o conftest -g -O2   conftest.c  >&5
configure:16599: $? = 0
configure:16599: ./conftest
configure:16599: $? = 0
configure:16609: result: yes
configure:16620: checking for stdlib.h
configure:16620: result: yes
configure:16630: checking for GNU libc compatible realloc
configure:16654: gcc -o conftest -g -O2   conftest.c  >&5
configure:16654: $? = 0
configure:16654: ./conftest
configure:16654: $? = 0
configure:16664: result: yes
configure:16688: checking sys/select.h usability
configure:16688: gcc -c -g -O2  conftest.c >&5
configure:16688: $? = 0
configure:16688: result: yes
configure:16688: checking sys/select.h presence
configure:16688: gcc -E  conftest.c
configure:16688: $? = 0
configure:16688: result: yes
configure:16688: checking for sys/select.h
configure:16688: result: yes
configure:16688: checking sys/socket.h usability
configure:16688: gcc -c -g -O2  conftest.c >&5
configure:16688: $? = 0
configure:16688: result: yes
configure:16688: checking sys/socket.h presence
configure:16688: gcc -E  conftest.c
configure:16688: $? = 0
configure:16688: result: yes
configure:16688: checking for sys/socket.h
configure:16688: result: yes
configure:16698: checking types of arguments for select
configure:16726: gcc -c -g -O2  conftest.c >&5
configure:16726: $? = 0
configure:16737: result: int,fd_set *,struct timeval *
configure:16761: checking for lrint
configure:16787: gcc -o conftest -lm   conftest.c  >&5
/usr/bin/ld: /tmp/ccrOZQcz.o: in function `main':
conftest.c:(.text+0x2b): undefined reference to `lrint'
/usr/bin/ld: conftest.c:(.text+0x47): undefined reference to `lrint'
collect2: error: ld returned 1 exit status
configure:16787: $? = 1
configure: failed program was:
| /* confdefs.h */
| #define PACKAGE_NAME "g722_1"
| #define PACKAGE_TARNAME "g722_1"
| #define PACKAGE_VERSION "0.2.0"
| #define PACKAGE_STRING "g722_1 0.2.0"
| #define PACKAGE_BUGREPORT ""
| #define PACKAGE_URL ""
| #define PACKAGE "g722_1"
| #define VERSION "0.2.0"
| #define STDC_HEADERS 1
| #define HAVE_SYS_TYPES_H 1
| #define HAVE_SYS_STAT_H 1
| #define HAVE_STDLIB_H 1
| #define HAVE_STRING_H 1
| #define HAVE_MEMORY_H 1
| #define HAVE_STRINGS_H 1
| #define HAVE_INTTYPES_H 1
| #define HAVE_STDINT_H 1
| #define HAVE_UNISTD_H 1
| #define HAVE_DLFCN_H 1
| #define LT_OBJDIR ".libs/"
| #define HAVE_LONG_LONG 1
| #define HAVE_LONG_DOUBLE 1
| #define RETSIGTYPE void
| #define HAVE_VPRINTF 1
| #define HAVE_STDLIB_H 1
| #define HAVE_MALLOC 1
| #define HAVE_STDLIB_H 1
| #define HAVE_REALLOC 1
| #define HAVE_SYS_SELECT_H 1
| #define HAVE_SYS_SOCKET_H 1
| #define SELECT_TYPE_ARG1 int
| #define SELECT_TYPE_ARG234 (fd_set *)
| #define SELECT_TYPE_ARG5 (struct timeval *)
| /* end confdefs.h.  */
| 
| #define _ISOC9X_SOURCE  1
| #define _ISOC99_SOURCE  1
| #define __USE_ISOC99    1
| #define __USE_ISOC9X    1
| 
| #include <math.h>
| 
| int
| main ()
| {
| if (!lrint(3.14159)) lrint(2.7183);
|   ;
|   return 0;
| }
configure:16799: result: no
configure:16808: checking for lrintf
configure:16834: gcc -o conftest -lm   conftest.c  >&5
/usr/bin/ld: /tmp/ccybeVTA.o: in function `main':
conftest.c:(.text+0x2b): undefined reference to `lrintf'
/usr/bin/ld: conftest.c:(.text+0x47): undefined reference to `lrintf'
collect2: error: ld returned 1 exit status
configure:16834: $? = 1
configure: failed program was:
| /* confdefs.h */
| #define PACKAGE_NAME "g722_1"
| #define PACKAGE_TARNAME "g722_1"
| #define PACKAGE_VERSION "0.2.0"
| #define PACKAGE_STRING "g722_1 0.2.0"
| #define PACKAGE_BUGREPORT ""
| #define PACKAGE_URL ""
| #define PACKAGE "g722_1"
| #define VERSION "0.2.0"
| #define STDC_HEADERS 1
| #define HAVE_SYS_TYPES_H 1
| #define HAVE_SYS_STAT_H 1
| #define HAVE_STDLIB_H 1
| #define HAVE_STRING_H 1
| #define HAVE_MEMORY_H 1
| #define HAVE_STRINGS_H 1
| #define HAVE_INTTYPES_H 1
| #define HAVE_STDINT_H 1
| #define HAVE_UNISTD_H 1
| #define HAVE_DLFCN_H 1
| #define LT_OBJDIR ".libs/"
| #define HAVE_LONG_LONG 1
| #define HAVE_LONG_DOUBLE 1
| #define RETSIGTYPE void
| #define HAVE_VPRINTF 1
| #define HAVE_STDLIB_H 1
| #define HAVE_MALLOC 1
| #define HAVE_STDLIB_H 1
| #define HAVE_REALLOC 1
| #define HAVE_SYS_SELECT_H 1
| #define HAVE_SYS_SOCKET_H 1
| #define SELECT_TYPE_ARG1 int
| #define SELECT_TYPE_ARG234 (fd_set *)
| #define SELECT_TYPE_ARG5 (struct timeval *)
| /* end confdefs.h.  */
| 
| #define _ISOC9X_SOURCE  1
| #define _ISOC99_SOURCE  1
| #define __USE_ISOC99    1
| #define __USE_ISOC9X    1
| 
| #include <math.h>
| 
| int
| main ()
| {
| if (!lrintf(3.14159)) lrintf(2.7183);
|   ;
|   return 0;
| }
configure:16846: result: no
configure:16855: checking for llrint
configure:16881: gcc -o conftest -lm   conftest.c  >&5
/usr/bin/ld: /tmp/ccIhwPMF.o: in function `main':
conftest.c:(.text+0x2f): undefined reference to `llrint'
collect2: error: ld returned 1 exit status
configure:16881: $? = 1
configure: failed program was:
| /* confdefs.h */
| #define PACKAGE_NAME "g722_1"
| #define PACKAGE_TARNAME "g722_1"
| #define PACKAGE_VERSION "0.2.0"
| #define PACKAGE_STRING "g722_1 0.2.0"
| #define PACKAGE_BUGREPORT ""
| #define PACKAGE_URL ""
| #define PACKAGE "g722_1"
| #define VERSION "0.2.0"
| #define STDC_HEADERS 1
| #define HAVE_SYS_TYPES_H 1
| #define HAVE_SYS_STAT_H 1
| #define HAVE_STDLIB_H 1
| #define HAVE_STRING_H 1
| #define HAVE_MEMORY_H 1
| #define HAVE_STRINGS_H 1
| #define HAVE_INTTYPES_H 1
| #define HAVE_STDINT_H 1
| #define HAVE_UNISTD_H 1
| #define HAVE_DLFCN_H 1
| #define LT_OBJDIR ".libs/"
| #define HAVE_LONG_LONG 1
| #define HAVE_LONG_DOUBLE 1
| #define RETSIGTYPE void
| #define HAVE_VPRINTF 1
| #define HAVE_STDLIB_H 1
| #define HAVE_MALLOC 1
| #define HAVE_STDLIB_H 1
| #define HAVE_REALLOC 1
| #define HAVE_SYS_SELECT_H 1
| #define HAVE_SYS_SOCKET_H 1
| #define SELECT_TYPE_ARG1 int
| #define SELECT_TYPE_ARG234 (fd_set *)
| #define SELECT_TYPE_ARG5 (struct timeval *)
| /* end confdefs.h.  */
| 
| #define ISOC9X_SOURCE   1
| #define _ISOC99_SOURCE  1
| #define __USE_ISOC99    1
| #define __USE_ISOC9X    1
| 
| #include <math.h>
| 
| int
| main ()
| {
| long long int x ; x = llrint(3.14159) ;
|   ;
|   return 0;
| }
configure:16893: result: no
configure:16902: checking for llrintf
configure:16928: gcc -o conftest -lm   conftest.c  >&5
/usr/bin/ld: /tmp/cc6F409I.o: in function `main':
conftest.c:(.text+0x2f): undefined reference to `llrintf'
collect2: error: ld returned 1 exit status
configure:16928: $? = 1
configure: failed program was:
| /* confdefs.h */
| #define PACKAGE_NAME "g722_1"
| #define PACKAGE_TARNAME "g722_1"
| #define PACKAGE_VERSION "0.2.0"
| #define PACKAGE_STRING "g722_1 0.2.0"
| #define PACKAGE_BUGREPORT ""
| #define PACKAGE_URL ""
| #define PACKAGE "g722_1"
| #define VERSION "0.2.0"
| #define STDC_HEADERS 1
| #define HAVE_SYS_TYPES_H 1
| #define HAVE_SYS_STAT_H 1
| #define HAVE_STDLIB_H 1
| #define HAVE_STRING_H 1
| #define HAVE_MEMORY_H 1
| #define HAVE_STRINGS_H 1
| #define HAVE_INTTYPES_H 1
| #define HAVE_STDINT_H 1
| #define HAVE_UNISTD_H 1
| #define HAVE_DLFCN_H 1
| #define LT_OBJDIR ".libs/"
| #define HAVE_LONG_LONG 1
| #define HAVE_LONG_DOUBLE 1
| #define RETSIGTYPE void
| #define HAVE_VPRINTF 1
| #define HAVE_STDLIB_H 1
| #define HAVE_MALLOC 1
| #define HAVE_STDLIB_H 1
| #define HAVE_REALLOC 1
| #define HAVE_SYS_SELECT_H 1
| #define HAVE_SYS_SOCKET_H 1
| #define SELECT_TYPE_ARG1 int
| #define SELECT_TYPE_ARG234 (fd_set *)
| #define SELECT_TYPE_ARG5 (struct timeval *)
| /* end confdefs.h.  */
| 
| #define _ISOC9X_SOURCE  1
| #define _ISOC99_SOURCE  1
| #define __USE_ISOC99    1
| #define __USE_ISOC9X    1
| 
| #include <math.h>
| 
| int
| main ()
| {
| long long int x ; x = llrintf(3.14159) ;
|   ;
|   return 0;
| }
configure:16940: result: no
configure:16952: WARNING: *** Missing C99 standard functions lrint() and lrintf().
configure:16954: WARNING: *** This may cause benign compiler warnings on some systems (ie Solaris).
configure:16959: checking C99 struct flexible array support
configure:16985: gcc -o conftest -g -O2   conftest.c  >&5
configure:16985: $? = 0
configure:16994: result: yes
configure:17000: checking for memmove
configure:17000: gcc -o conftest -g -O2   conftest.c  >&5
conftest.c:59:6: warning: conflicting types for built-in function 'memmove'; expected 'void *(void *, const void *, unsigned int)' [-Wbuiltin-declaration-mismatch]
   59 | char memmove ();
      |      ^~~~~~~
conftest.c:47:1: note: 'memmove' is declared in header '<string.h>'
   46 | # include <limits.h>
   47 | #else
configure:17000: $? = 0
configure:17000: result: yes
configure:17011: checking for memset
configure:17011: gcc -o conftest -g -O2   conftest.c  >&5
conftest.c:60:6: warning: conflicting types for built-in function 'memset'; expected 'void *(void *, int,  unsigned int)' [-Wbuiltin-declaration-mismatch]
   60 | char memset ();
      |      ^~~~~~
conftest.c:48:1: note: 'memset' is declared in header '<string.h>'
   47 | # include <limits.h>
   48 | #else
configure:17011: $? = 0
configure:17011: result: yes
configure:17022: checking for select
configure:17022: gcc -o conftest -g -O2   conftest.c  >&5
configure:17022: $? = 0
configure:17022: result: yes
configure:17033: checking for strcasecmp
configure:17033: gcc -o conftest -g -O2   conftest.c  >&5
conftest.c:62:6: warning: conflicting types for built-in function 'strcasecmp'; expected 'int(const char *, const char *)' [-Wbuiltin-declaration-mismatch]
   62 | char strcasecmp ();
      |      ^~~~~~~~~~
configure:17033: $? = 0
configure:17033: result: yes
configure:17044: checking for strchr
configure:17044: gcc -o conftest -g -O2   conftest.c  >&5
conftest.c:63:6: warning: conflicting types for built-in function 'strchr'; expected 'char *(const char *, int)' [-Wbuiltin-declaration-mismatch]
   63 | char strchr ();
      |      ^~~~~~
conftest.c:51:1: note: 'strchr' is declared in header '<string.h>'
   50 | # include <limits.h>
   51 | #else
configure:17044: $? = 0
configure:17044: result: yes
configure:17055: checking for strdup
configure:17055: gcc -o conftest -g -O2   conftest.c  >&5
conftest.c:64:6: warning: conflicting types for built-in function 'strdup'; expected 'char *(const char *)' [-Wbuiltin-declaration-mismatch]
   64 | char strdup ();
      |      ^~~~~~
configure:17055: $? = 0
configure:17055: result: yes
configure:17066: checking for strerror
configure:17066: gcc -o conftest -g -O2   conftest.c  >&5
configure:17066: $? = 0
configure:17066: result: yes
configure:17077: checking for strstr
configure:17077: gcc -o conftest -g -O2   conftest.c  >&5
conftest.c:66:6: warning: conflicting types for built-in function 'strstr'; expected 'char *(const char *, const char *)' [-Wbuiltin-declaration-mismatch]
   66 | char strstr ();
      |      ^~~~~~
conftest.c:54:1: note: 'strstr' is declared in header '<string.h>'
   53 | # include <limits.h>
   54 | #else
configure:17077: $? = 0
configure:17077: result: yes
configure:17088: checking for strtol
configure:17088: gcc -o conftest -g -O2   conftest.c  >&5
configure:17088: $? = 0
configure:17088: result: yes
configure:17099: checking for gettimeofday
configure:17099: gcc -o conftest -g -O2   conftest.c  >&5
configure:17099: $? = 0
configure:17099: result: yes
configure:17109: checking for ANSI C header files
configure:17213: result: yes
configure:17221: checking for sys/wait.h that is POSIX.1 compatible
configure:17247: gcc -c -g -O2  conftest.c >&5
configure:17247: $? = 0
configure:17254: result: yes
configure:17262: checking whether time.h and sys/time.h may both be included
configure:17282: gcc -c -g -O2  conftest.c >&5
configure:17282: $? = 0
configure:17289: result: yes
configure:17301: checking socket.h usability
configure:17301: gcc -c -g -O2  conftest.c >&5
conftest.c:82:10: fatal error: socket.h: No such file or directory
   82 | #include <socket.h>
      |          ^~~~~~~~~~
compilation terminated.
configure:17301: $? = 1
configure: failed program was:
| /* confdefs.h */
| #define PACKAGE_NAME "g722_1"
| #define PACKAGE_TARNAME "g722_1"
| #define PACKAGE_VERSION "0.2.0"
| #define PACKAGE_STRING "g722_1 0.2.0"
| #define PACKAGE_BUGREPORT ""
| #define PACKAGE_URL ""
| #define PACKAGE "g722_1"
| #define VERSION "0.2.0"
| #define STDC_HEADERS 1
| #define HAVE_SYS_TYPES_H 1
| #define HAVE_SYS_STAT_H 1
| #define HAVE_STDLIB_H 1
| #define HAVE_STRING_H 1
| #define HAVE_MEMORY_H 1
| #define HAVE_STRINGS_H 1
| #define HAVE_INTTYPES_H 1
| #define HAVE_STDINT_H 1
| #define HAVE_UNISTD_H 1
| #define HAVE_DLFCN_H 1
| #define LT_OBJDIR ".libs/"
| #define HAVE_LONG_LONG 1
| #define HAVE_LONG_DOUBLE 1
| #define RETSIGTYPE void
| #define HAVE_VPRINTF 1
| #define HAVE_STDLIB_H 1
| #define HAVE_MALLOC 1
| #define HAVE_STDLIB_H 1
| #define HAVE_REALLOC 1
| #define HAVE_SYS_SELECT_H 1
| #define HAVE_SYS_SOCKET_H 1
| #define SELECT_TYPE_ARG1 int
| #define SELECT_TYPE_ARG234 (fd_set *)
| #define SELECT_TYPE_ARG5 (struct timeval *)
| #define HAVE_MEMMOVE 1
| #define HAVE_MEMSET 1
| #define HAVE_SELECT 1
| #define HAVE_STRCASECMP 1
| #define HAVE_STRCHR 1
| #define HAVE_STRDUP 1
| #define HAVE_STRERROR 1
| #define HAVE_STRSTR 1
| #define HAVE_STRTOL 1
| #define HAVE_GETTIMEOFDAY 1
| #define STDC_HEADERS 1
| #define HAVE_SYS_WAIT_H 1
| #define TIME_WITH_SYS_TIME 1
| /* end confdefs.h.  */
| #include <stdio.h>
| #ifdef HAVE_SYS_TYPES_H
| # include <sys/types.h>
| #endif
| #ifdef HAVE_SYS_STAT_H
| # include <sys/stat.h>
| #endif
| #ifdef STDC_HEADERS
| # include <stdlib.h>
| # include <stddef.h>
| #else
| # ifdef HAVE_STDLIB_H
| #  include <stdlib.h>
| # endif
| #endif
| #ifdef HAVE_STRING_H
| # if !defined STDC_HEADERS && defined HAVE_MEMORY_H
| #  include <memory.h>
| # endif
| # include <string.h>
| #endif
| #ifdef HAVE_STRINGS_H
| # include <strings.h>
| #endif
| #ifdef HAVE_INTTYPES_H
| # include <inttypes.h>
| #endif
| #ifdef HAVE_STDINT_H
| # include <stdint.h>
| #endif
| #ifdef HAVE_UNISTD_H
| # include <unistd.h>
| #endif
| #include <socket.h>
configure:17301: result: no
configure:17301: checking socket.h presence
configure:17301: gcc -E  conftest.c
conftest.c:49:10: fatal error: socket.h: No such file or directory
   49 | #include <socket.h>
      |          ^~~~~~~~~~
compilation terminated.
configure:17301: $? = 1
configure: failed program was:
| /* confdefs.h */
| #define PACKAGE_NAME "g722_1"
| #define PACKAGE_TARNAME "g722_1"
| #define PACKAGE_VERSION "0.2.0"
| #define PACKAGE_STRING "g722_1 0.2.0"
| #define PACKAGE_BUGREPORT ""
| #define PACKAGE_URL ""
| #define PACKAGE "g722_1"
| #define VERSION "0.2.0"
| #define STDC_HEADERS 1
| #define HAVE_SYS_TYPES_H 1
| #define HAVE_SYS_STAT_H 1
| #define HAVE_STDLIB_H 1
| #define HAVE_STRING_H 1
| #define HAVE_MEMORY_H 1
| #define HAVE_STRINGS_H 1
| #define HAVE_INTTYPES_H 1
| #define HAVE_STDINT_H 1
| #define HAVE_UNISTD_H 1
| #define HAVE_DLFCN_H 1
| #define LT_OBJDIR ".libs/"
| #define HAVE_LONG_LONG 1
| #define HAVE_LONG_DOUBLE 1
| #define RETSIGTYPE void
| #define HAVE_VPRINTF 1
| #define HAVE_STDLIB_H 1
| #define HAVE_MALLOC 1
| #define HAVE_STDLIB_H 1
| #define HAVE_REALLOC 1
| #define HAVE_SYS_SELECT_H 1
| #define HAVE_SYS_SOCKET_H 1
| #define SELECT_TYPE_ARG1 int
| #define SELECT_TYPE_ARG234 (fd_set *)
| #define SELECT_TYPE_ARG5 (struct timeval *)
| #define HAVE_MEMMOVE 1
| #define HAVE_MEMSET 1
| #define HAVE_SELECT 1
| #define HAVE_STRCASECMP 1
| #define HAVE_STRCHR 1
| #define HAVE_STRDUP 1
| #define HAVE_STRERROR 1
| #define HAVE_STRSTR 1
| #define HAVE_STRTOL 1
| #define HAVE_GETTIMEOFDAY 1
| #define STDC_HEADERS 1
| #define HAVE_SYS_WAIT_H 1
| #define TIME_WITH_SYS_TIME 1
| /* end confdefs.h.  */
| #include <socket.h>
configure:17301: result: no
configure:17301: checking for socket.h
configure:17301: result: no
configure:17313: checking for inttypes.h
configure:17313: result: yes
configure:17325: checking for stdint.h
configure:17325: result: yes
configure:17337: checking for unistd.h
configure:17337: result: yes
configure:17349: checking for stdlib.h
configure:17349: result: yes
configure:17361: checking for string.h
configure:17361: result: yes
configure:17373: checking for strings.h
configure:17373: result: yes
configure:17385: checking malloc.h usability
configure:17385: gcc -c -g -O2  conftest.c >&5
configure:17385: $? = 0
configure:17385: result: yes
configure:17385: checking malloc.h presence
configure:17385: gcc -E  conftest.c
configure:17385: $? = 0
configure:17385: result: yes
configure:17385: checking for malloc.h
configure:17385: result: yes
configure:17397: checking tgmath.h usability
configure:17397: gcc -c -g -O2  conftest.c >&5
configure:17397: $? = 0
configure:17397: result: yes
configure:17397: checking tgmath.h presence
configure:17397: gcc -E  conftest.c
configure:17397: $? = 0
configure:17397: result: yes
configure:17397: checking for tgmath.h
configure:17397: result: yes
configure:17409: checking math.h usability
configure:17409: gcc -c -g -O2  conftest.c >&5
configure:17409: $? = 0
configure:17409: result: yes
configure:17409: checking math.h presence
configure:17409: gcc -E  conftest.c
configure:17409: $? = 0
configure:17409: result: yes
configure:17409: checking for math.h
configure:17409: result: yes
configure:17421: checking float.h usability
configure:17421: gcc -c -g -O2  conftest.c >&5
configure:17421: $? = 0
configure:17421: result: yes
configure:17421: checking float.h presence
configure:17421: gcc -E  conftest.c
configure:17421: $? = 0
configure:17421: result: yes
configure:17421: checking for float.h
configure:17421: result: yes
configure:17433: checking fcntl.h usability
configure:17433: gcc -c -g -O2  conftest.c >&5
configure:17433: $? = 0
configure:17433: result: yes
configure:17433: checking fcntl.h presence
configure:17433: gcc -E  conftest.c
configure:17433: $? = 0
configure:17433: result: yes
configure:17433: checking for fcntl.h
configure:17433: result: yes
configure:17445: checking sys/time.h usability
configure:17445: gcc -c -g -O2  conftest.c >&5
configure:17445: $? = 0
configure:17445: result: yes
configure:17445: checking sys/time.h presence
configure:17445: gcc -E  conftest.c
configure:17445: $? = 0
configure:17445: result: yes
configure:17445: checking for sys/time.h
configure:17445: result: yes
configure:17457: checking for sys/select.h
configure:17457: result: yes
configure:17469: checking sys/ioctl.h usability
configure:17469: gcc -c -g -O2  conftest.c >&5
configure:17469: $? = 0
configure:17469: result: yes
configure:17469: checking sys/ioctl.h presence
configure:17469: gcc -E  conftest.c
configure:17469: $? = 0
configure:17469: result: yes
configure:17469: checking for sys/ioctl.h
configure:17469: result: yes
configure:17481: checking sys/fcntl.h usability
configure:17481: gcc -c -g -O2  conftest.c >&5
configure:17481: $? = 0
configure:17481: result: yes
configure:17481: checking sys/fcntl.h presence
configure:17481: gcc -E  conftest.c
configure:17481: $? = 0
configure:17481: result: yes
configure:17481: checking for sys/fcntl.h
configure:17481: result: yes
configure:17493: checking audiofile.h usability
configure:17493: gcc -c -g -O2  conftest.c >&5
conftest.c:97:10: fatal error: audiofile.h: No such file or directory
   97 | #include <audiofile.h>
      |          ^~~~~~~~~~~~~
compilation terminated.
configure:17493: $? = 1
configure: failed program was:
| /* confdefs.h */
| #define PACKAGE_NAME "g722_1"
| #define PACKAGE_TARNAME "g722_1"
| #define PACKAGE_VERSION "0.2.0"
| #define PACKAGE_STRING "g722_1 0.2.0"
| #define PACKAGE_BUGREPORT ""
| #define PACKAGE_URL ""
| #define PACKAGE "g722_1"
| #define VERSION "0.2.0"
| #define STDC_HEADERS 1
| #define HAVE_SYS_TYPES_H 1
| #define HAVE_SYS_STAT_H 1
| #define HAVE_STDLIB_H 1
| #define HAVE_STRING_H 1
| #define HAVE_MEMORY_H 1
| #define HAVE_STRINGS_H 1
| #define HAVE_INTTYPES_H 1
| #define HAVE_STDINT_H 1
| #define HAVE_UNISTD_H 1
| #define HAVE_DLFCN_H 1
| #define LT_OBJDIR ".libs/"
| #define HAVE_LONG_LONG 1
| #define HAVE_LONG_DOUBLE 1
| #define RETSIGTYPE void
| #define HAVE_VPRINTF 1
| #define HAVE_STDLIB_H 1
| #define HAVE_MALLOC 1
| #define HAVE_STDLIB_H 1
| #define HAVE_REALLOC 1
| #define HAVE_SYS_SELECT_H 1
| #define HAVE_SYS_SOCKET_H 1
| #define SELECT_TYPE_ARG1 int
| #define SELECT_TYPE_ARG234 (fd_set *)
| #define SELECT_TYPE_ARG5 (struct timeval *)
| #define HAVE_MEMMOVE 1
| #define HAVE_MEMSET 1
| #define HAVE_SELECT 1
| #define HAVE_STRCASECMP 1
| #define HAVE_STRCHR 1
| #define HAVE_STRDUP 1
| #define HAVE_STRERROR 1
| #define HAVE_STRSTR 1
| #define HAVE_STRTOL 1
| #define HAVE_GETTIMEOFDAY 1
| #define STDC_HEADERS 1
| #define HAVE_SYS_WAIT_H 1
| #define TIME_WITH_SYS_TIME 1
| #define HAVE_INTTYPES_H 1
| #define HAVE_STDINT_H 1
| #define HAVE_UNISTD_H 1
| #define HAVE_STDLIB_H 1
| #define HAVE_STRING_H 1
| #define HAVE_STRINGS_H 1
| #define HAVE_MALLOC_H 1
| #define HAVE_TGMATH_H 1
| #define HAVE_MATH_H 1
| #define HAVE_FLOAT_H 1
| #define HAVE_FCNTL_H 1
| #define HAVE_SYS_TIME_H 1
| #define HAVE_SYS_SELECT_H 1
| #define HAVE_SYS_IOCTL_H 1
| #define HAVE_SYS_FCNTL_H 1
| /* end confdefs.h.  */
| #include <stdio.h>
| #ifdef HAVE_SYS_TYPES_H
| # include <sys/types.h>
| #endif
| #ifdef HAVE_SYS_STAT_H
| # include <sys/stat.h>
| #endif
| #ifdef STDC_HEADERS
| # include <stdlib.h>
| # include <stddef.h>
| #else
| # ifdef HAVE_STDLIB_H
| #  include <stdlib.h>
| # endif
| #endif
| #ifdef HAVE_STRING_H
| # if !defined STDC_HEADERS && defined HAVE_MEMORY_H
| #  include <memory.h>
| # endif
| # include <string.h>
| #endif
| #ifdef HAVE_STRINGS_H
| # include <strings.h>
| #endif
| #ifdef HAVE_INTTYPES_H
| # include <inttypes.h>
| #endif
| #ifdef HAVE_STDINT_H
| # include <stdint.h>
| #endif
| #ifdef HAVE_UNISTD_H
| # include <unistd.h>
| #endif
| #include <audiofile.h>
configure:17493: result: no
configure:17493: checking audiofile.h presence
configure:17493: gcc -E  conftest.c
conftest.c:64:10: fatal error: audiofile.h: No such file or directory
   64 | #include <audiofile.h>
      |          ^~~~~~~~~~~~~
compilation terminated.
configure:17493: $? = 1
configure: failed program was:
| /* confdefs.h */
| #define PACKAGE_NAME "g722_1"
| #define PACKAGE_TARNAME "g722_1"
| #define PACKAGE_VERSION "0.2.0"
| #define PACKAGE_STRING "g722_1 0.2.0"
| #define PACKAGE_BUGREPORT ""
| #define PACKAGE_URL ""
| #define PACKAGE "g722_1"
| #define VERSION "0.2.0"
| #define STDC_HEADERS 1
| #define HAVE_SYS_TYPES_H 1
| #define HAVE_SYS_STAT_H 1
| #define HAVE_STDLIB_H 1
| #define HAVE_STRING_H 1
| #define HAVE_MEMORY_H 1
| #define HAVE_STRINGS_H 1
| #define HAVE_INTTYPES_H 1
| #define HAVE_STDINT_H 1
| #define HAVE_UNISTD_H 1
| #define HAVE_DLFCN_H 1
| #define LT_OBJDIR ".libs/"
| #define HAVE_LONG_LONG 1
| #define HAVE_LONG_DOUBLE 1
| #define RETSIGTYPE void
| #define HAVE_VPRINTF 1
| #define HAVE_STDLIB_H 1
| #define HAVE_MALLOC 1
| #define HAVE_STDLIB_H 1
| #define HAVE_REALLOC 1
| #define HAVE_SYS_SELECT_H 1
| #define HAVE_SYS_SOCKET_H 1
| #define SELECT_TYPE_ARG1 int
| #define SELECT_TYPE_ARG234 (fd_set *)
| #define SELECT_TYPE_ARG5 (struct timeval *)
| #define HAVE_MEMMOVE 1
| #define HAVE_MEMSET 1
| #define HAVE_SELECT 1
| #define HAVE_STRCASECMP 1
| #define HAVE_STRCHR 1
| #define HAVE_STRDUP 1
| #define HAVE_STRERROR 1
| #define HAVE_STRSTR 1
| #define HAVE_STRTOL 1
| #define HAVE_GETTIMEOFDAY 1
| #define STDC_HEADERS 1
| #define HAVE_SYS_WAIT_H 1
| #define TIME_WITH_SYS_TIME 1
| #define HAVE_INTTYPES_H 1
| #define HAVE_STDINT_H 1
| #define HAVE_UNISTD_H 1
| #define HAVE_STDLIB_H 1
| #define HAVE_STRING_H 1
| #define HAVE_STRINGS_H 1
| #define HAVE_MALLOC_H 1
| #define HAVE_TGMATH_H 1
| #define HAVE_MATH_H 1
| #define HAVE_FLOAT_H 1
| #define HAVE_FCNTL_H 1
| #define HAVE_SYS_TIME_H 1
| #define HAVE_SYS_SELECT_H 1
| #define HAVE_SYS_IOCTL_H 1
| #define HAVE_SYS_FCNTL_H 1
| /* end confdefs.h.  */
| #include <audiofile.h>
configure:17493: result: no
configure:17493: checking for audiofile.h
configure:17493: result: no
configure:17546: checking for cos in -lm
configure:17571: gcc -o conftest -g -O2   conftest.c -lm   >&5
conftest.c:71:6: warning: conflicting types for built-in function 'cos'; expected 'double(double)' [-Wbuiltin-declaration-mismatch]
   71 | char cos ();
      |      ^~~
conftest.c:1:1: note: 'cos' is declared in header '<math.h>'
    1 | /* confdefs.h */
configure:17571: $? = 0
configure:17580: result: yes
configure:17592: checking for library containing sinf
configure:17623: gcc -o conftest -g -O2   conftest.c -lm  >&5
conftest.c:72:6: warning: conflicting types for built-in function 'sinf'; expected 'float(float)' [-Wbuiltin-declaration-mismatch]
   72 | char sinf ();
      |      ^~~~
conftest.c:1:1: note: 'sinf' is declared in header '<math.h>'
    1 | /* confdefs.h */
configure:17623: $? = 0
configure:17640: result: none required
configure:17650: checking for library containing cosf
configure:17681: gcc -o conftest -g -O2   conftest.c -lm  >&5
conftest.c:73:6: warning: conflicting types for built-in function 'cosf'; expected 'float(float)' [-Wbuiltin-declaration-mismatch]
   73 | char cosf ();
      |      ^~~~
conftest.c:1:1: note: 'cosf' is declared in header '<math.h>'
    1 | /* confdefs.h */
configure:17681: $? = 0
configure:17698: result: none required
configure:17708: checking for library containing tanf
configure:17739: gcc -o conftest -g -O2   conftest.c -lm  >&5
conftest.c:74:6: warning: conflicting types for built-in function 'tanf'; expected 'float(float)' [-Wbuiltin-declaration-mismatch]
   74 | char tanf ();
      |      ^~~~
conftest.c:1:1: note: 'tanf' is declared in header '<math.h>'
    1 | /* confdefs.h */
configure:17739: $? = 0
configure:17756: result: none required
configure:17766: checking for library containing asinf
configure:17797: gcc -o conftest -g -O2   conftest.c -lm  >&5
conftest.c:75:6: warning: conflicting types for built-in function 'asinf'; expected 'float(float)' [-Wbuiltin-declaration-mismatch]
   75 | char asinf ();
      |      ^~~~~
conftest.c:1:1: note: 'asinf' is declared in header '<math.h>'
    1 | /* confdefs.h */
configure:17797: $? = 0
configure:17814: result: none required
configure:17824: checking for library containing acosf
configure:17855: gcc -o conftest -g -O2   conftest.c -lm  >&5
conftest.c:76:6: warning: conflicting types for built-in function 'acosf'; expected 'float(float)' [-Wbuiltin-declaration-mismatch]
   76 | char acosf ();
      |      ^~~~~
conftest.c:1:1: note: 'acosf' is declared in header '<math.h>'
    1 | /* confdefs.h */
configure:17855: $? = 0
configure:17872: result: none required
configure:17882: checking for library containing atanf
configure:17913: gcc -o conftest -g -O2   conftest.c -lm  >&5
conftest.c:77:6: warning: conflicting types for built-in function 'atanf'; expected 'float(float)' [-Wbuiltin-declaration-mismatch]
   77 | char atanf ();
      |      ^~~~~
conftest.c:1:1: note: 'atanf' is declared in header '<math.h>'
    1 | /* confdefs.h */
configure:17913: $? = 0
configure:17930: result: none required
configure:17940: checking for library containing atan2f
configure:17971: gcc -o conftest -g -O2   conftest.c -lm  >&5
conftest.c:78:6: warning: conflicting types for built-in function 'atan2f'; expected 'float(float,  float)' [-Wbuiltin-declaration-mismatch]
   78 | char atan2f ();
      |      ^~~~~~
conftest.c:1:1: note: 'atan2f' is declared in header '<math.h>'
    1 | /* confdefs.h */
configure:17971: $? = 0
configure:17988: result: none required
configure:17998: checking for library containing ceilf
configure:18029: gcc -o conftest -g -O2   conftest.c -lm  >&5
conftest.c:79:6: warning: conflicting types for built-in function 'ceilf'; expected 'float(float)' [-Wbuiltin-declaration-mismatch]
   79 | char ceilf ();
      |      ^~~~~
conftest.c:1:1: note: 'ceilf' is declared in header '<math.h>'
    1 | /* confdefs.h */
configure:18029: $? = 0
configure:18046: result: none required
configure:18056: checking for library containing floorf
configure:18087: gcc -o conftest -g -O2   conftest.c -lm  >&5
conftest.c:80:6: warning: conflicting types for built-in function 'floorf'; expected 'float(float)' [-Wbuiltin-declaration-mismatch]
   80 | char floorf ();
      |      ^~~~~~
conftest.c:1:1: note: 'floorf' is declared in header '<math.h>'
    1 | /* confdefs.h */
configure:18087: $? = 0
configure:18104: result: none required
configure:18114: checking for library containing powf
configure:18145: gcc -o conftest -g -O2   conftest.c -lm  >&5
conftest.c:81:6: warning: conflicting types for built-in function 'powf'; expected 'float(float,  float)' [-Wbuiltin-declaration-mismatch]
   81 | char powf ();
      |      ^~~~
conftest.c:1:1: note: 'powf' is declared in header '<math.h>'
    1 | /* confdefs.h */
configure:18145: $? = 0
configure:18162: result: none required
configure:18172: checking for library containing expf
configure:18203: gcc -o conftest -g -O2   conftest.c -lm  >&5
conftest.c:82:6: warning: conflicting types for built-in function 'expf'; expected 'float(float)' [-Wbuiltin-declaration-mismatch]
   82 | char expf ();
      |      ^~~~
conftest.c:1:1: note: 'expf' is declared in header '<math.h>'
    1 | /* confdefs.h */
configure:18203: $? = 0
configure:18220: result: none required
configure:18230: checking for library containing logf
configure:18261: gcc -o conftest -g -O2   conftest.c -lm  >&5
conftest.c:83:6: warning: conflicting types for built-in function 'logf'; expected 'float(float)' [-Wbuiltin-declaration-mismatch]
   83 | char logf ();
      |      ^~~~
conftest.c:1:1: note: 'logf' is declared in header '<math.h>'
    1 | /* confdefs.h */
configure:18261: $? = 0
configure:18278: result: none required
configure:18288: checking for library containing log10f
configure:18319: gcc -o conftest -g -O2   conftest.c -lm  >&5
conftest.c:84:6: warning: conflicting types for built-in function 'log10f'; expected 'float(float)' [-Wbuiltin-declaration-mismatch]
   84 | char log10f ();
      |      ^~~~~~
conftest.c:1:1: note: 'log10f' is declared in header '<math.h>'
    1 | /* confdefs.h */
configure:18319: $? = 0
configure:18336: result: none required
configure:18562: checking if i686-pc-linux-gnu is fixed point only
configure:18586: result: no
configure:18599: checking if i686-pc-linux-gnu fails on misaligned memory access
configure:18621: result: no
configure:18798: checking that generated files are newer than configure
configure:18804: result: done
configure:18879: creating ./config.status

## ---------------------- ##
## Running config.status. ##
## ---------------------- ##

This file was extended by g722_1 config.status 0.2.0, which was
generated by GNU Autoconf 2.69.  Invocation command line was

  CONFIG_FILES    = 
  CONFIG_HEADERS  = 
  CONFIG_LINKS    = 
  CONFIG_COMMANDS = 
  $ ./config.status 

on dacer

config.status:1244: creating Makefile
config.status:1244: creating doc/Makefile
config.status:1244: creating test-data/Makefile
config.status:1244: creating test-data/local/Makefile
config.status:1244: creating test-data/itu/Makefile
config.status:1244: creating src/Makefile
config.status:1244: creating src/g722_1.h
config.status:1244: creating tests/Makefile
config.status:1244: creating g722_1.pc
config.status:1244: creating g722_1.spec
config.status:1244: creating tests/regression_tests.sh
config.status:1244: creating src/config.h
config.status:1473: executing depfiles commands
config.status:1473: executing libtool commands

## ---------------- ##
## Cache variables. ##
## ---------------- ##

ac_cv_build=i686-pc-linux-gnu
ac_cv_c99_flexible_array=yes
ac_cv_c99_llrint=no
ac_cv_c99_llrintf=no
ac_cv_c99_lrint=no
ac_cv_c99_lrintf=no
ac_cv_c_compiler_gnu=yes
ac_cv_c_const=yes
ac_cv_c_inline=inline
ac_cv_c_volatile=yes
ac_cv_cxx_compiler_gnu=yes
ac_cv_env_CCC_set=
ac_cv_env_CCC_value=
ac_cv_env_CC_set=
ac_cv_env_CC_value=
ac_cv_env_CFLAGS_set=
ac_cv_env_CFLAGS_value=
ac_cv_env_CPPFLAGS_set=
ac_cv_env_CPPFLAGS_value=
ac_cv_env_CPP_set=
ac_cv_env_CPP_value=
ac_cv_env_CXXCPP_set=
ac_cv_env_CXXCPP_value=
ac_cv_env_CXXFLAGS_set=
ac_cv_env_CXXFLAGS_value=
ac_cv_env_CXX_set=
ac_cv_env_CXX_value=
ac_cv_env_LDFLAGS_set=
ac_cv_env_LDFLAGS_value=
ac_cv_env_LIBS_set=
ac_cv_env_LIBS_value=
ac_cv_env_build_alias_set=
ac_cv_env_build_alias_value=
ac_cv_env_host_alias_set=
ac_cv_env_host_alias_value=
ac_cv_env_target_alias_set=
ac_cv_env_target_alias_value=
ac_cv_fixed_point_machine_i686_pc_linux_gnu=no
ac_cv_func__doprnt=no
ac_cv_func_gettimeofday=yes
ac_cv_func_malloc_0_nonnull=yes
ac_cv_func_memcmp_working=yes
ac_cv_func_memmove=yes
ac_cv_func_memset=yes
ac_cv_func_realloc_0_nonnull=yes
ac_cv_func_select=yes
ac_cv_func_select_args='int,fd_set *,struct timeval *'
ac_cv_func_strcasecmp=yes
ac_cv_func_strchr=yes
ac_cv_func_strdup=yes
ac_cv_func_strerror=yes
ac_cv_func_strstr=yes
ac_cv_func_strtol=yes
ac_cv_func_vprintf=yes
ac_cv_header_audiofile_h=no
ac_cv_header_dlfcn_h=yes
ac_cv_header_fcntl_h=yes
ac_cv_header_float_h=yes
ac_cv_header_inttypes_h=yes
ac_cv_header_malloc_h=yes
ac_cv_header_math_h=yes
ac_cv_header_memory_h=yes
ac_cv_header_socket_h=no
ac_cv_header_stdc=yes
ac_cv_header_stdint_h=yes
ac_cv_header_stdlib_h=yes
ac_cv_header_string_h=yes
ac_cv_header_strings_h=yes
ac_cv_header_sys_fcntl_h=yes
ac_cv_header_sys_ioctl_h=yes
ac_cv_header_sys_select_h=yes
ac_cv_header_sys_socket_h=yes
ac_cv_header_sys_stat_h=yes
ac_cv_header_sys_time_h=yes
ac_cv_header_sys_types_h=yes
ac_cv_header_sys_wait_h=yes
ac_cv_header_tgmath_h=yes
ac_cv_header_time=yes
ac_cv_header_unistd_h=yes
ac_cv_host=i686-pc-linux-gnu
ac_cv_lib_error_at_line=yes
ac_cv_lib_m_cos=yes
ac_cv_misaligned_access_fails_i686_pc_linux_gnu=no
ac_cv_objext=o
ac_cv_path_EGREP='/usr/bin/grep -E'
ac_cv_path_FGREP='/usr/bin/grep -F'
ac_cv_path_GREP=/usr/bin/grep
ac_cv_path_SED=/usr/bin/sed
ac_cv_path_install='/usr/bin/install -c'
ac_cv_path_mkdir=/usr/bin/mkdir
ac_cv_prog_AWK=gawk
ac_cv_prog_CPP='gcc -E'
ac_cv_prog_CXXCPP='g++ -E'
ac_cv_prog_ac_ct_AR=ar
ac_cv_prog_ac_ct_CC=gcc
ac_cv_prog_ac_ct_CXX=g++
ac_cv_prog_ac_ct_MANIFEST_TOOL=mt
ac_cv_prog_ac_ct_OBJDUMP=objdump
ac_cv_prog_ac_ct_RANLIB=ranlib
ac_cv_prog_ac_ct_STRIP=strip
ac_cv_prog_cc_c89=
ac_cv_prog_cc_g=yes
ac_cv_prog_cxx_g=yes
ac_cv_prog_gcc_traditional=no
ac_cv_prog_make_make_set=yes
ac_cv_search_acosf='none required'
ac_cv_search_asinf='none required'
ac_cv_search_atan2f='none required'
ac_cv_search_atanf='none required'
ac_cv_search_ceilf='none required'
ac_cv_search_cosf='none required'
ac_cv_search_expf='none required'
ac_cv_search_floorf='none required'
ac_cv_search_log10f='none required'
ac_cv_search_logf='none required'
ac_cv_search_powf='none required'
ac_cv_search_sinf='none required'
ac_cv_search_tanf='none required'
ac_cv_type_long_double=yes
ac_cv_type_long_long=yes
ac_cv_type_signal=void
am_cv_CC_dependencies_compiler_type=gcc3
am_cv_CXX_dependencies_compiler_type=gcc3
am_cv_make_support_nested_variables=yes
ax_cv_c_compiler_vendor=gnu
lt_cv_ar_at_file=@
lt_cv_deplibs_check_method=pass_all
lt_cv_file_magic_cmd='$MAGIC_CMD'
lt_cv_file_magic_test_file=
lt_cv_ld_reload_flag=-r
lt_cv_nm_interface='BSD nm'
lt_cv_objdir=.libs
lt_cv_path_LD=/usr/bin/ld
lt_cv_path_LDCXX=/usr/bin/ld
lt_cv_path_NM='/usr/bin/nm -B'
lt_cv_path_mainfest_tool=no
lt_cv_prog_compiler_c_o=yes
lt_cv_prog_compiler_c_o_CXX=yes
lt_cv_prog_compiler_pic='-fPIC -DPIC'
lt_cv_prog_compiler_pic_CXX='-fPIC -DPIC'
lt_cv_prog_compiler_pic_works=yes
lt_cv_prog_compiler_pic_works_CXX=yes
lt_cv_prog_compiler_rtti_exceptions=no
lt_cv_prog_compiler_static_works=yes
lt_cv_prog_compiler_static_works_CXX=yes
lt_cv_prog_gnu_ld=yes
lt_cv_prog_gnu_ldcxx=yes
lt_cv_sharedlib_from_linklib_cmd='printf %s\n'
lt_cv_shlibpath_overrides_runpath=yes
lt_cv_sys_global_symbol_pipe='sed -n -e '\''s/^.*[	 ]\([ABCDGIRSTW][ABCDGIRSTW]*\)[	 ][	 ]*\([_A-Za-z][_A-Za-z0-9]*\)$/\1 \2 \2/p'\'' | sed '\''/ __gnu_lto/d'\'''
lt_cv_sys_global_symbol_to_c_name_address='sed -n -e '\''s/^: \([^ ]*\)[ ]*$/  {\"\1\", (void *) 0},/p'\'' -e '\''s/^[ABCDGIRSTW]* \([^ ]*\) \([^ ]*\)$/  {"\2", (void *) \&\2},/p'\'''
lt_cv_sys_global_symbol_to_c_name_address_lib_prefix='sed -n -e '\''s/^: \([^ ]*\)[ ]*$/  {\"\1\", (void *) 0},/p'\'' -e '\''s/^[ABCDGIRSTW]* \([^ ]*\) \(lib[^ ]*\)$/  {"\2", (void *) \&\2},/p'\'' -e '\''s/^[ABCDGIRSTW]* \([^ ]*\) \([^ ]*\)$/  {"lib\2", (void *) \&\2},/p'\'''
lt_cv_sys_global_symbol_to_cdecl='sed -n -e '\''s/^T .* \(.*\)$/extern int \1();/p'\'' -e '\''s/^[ABCDGIRSTW]* .* \(.*\)$/extern char \1;/p'\'''
lt_cv_sys_max_cmd_len=1572864
lt_cv_to_host_file_cmd=func_convert_file_noop
lt_cv_to_tool_file_cmd=func_convert_file_noop

## ----------------- ##
## Output variables. ##
## ----------------- ##

ACLOCAL='aclocal'
AMDEPBACKSLASH='\'
AMDEP_FALSE='#'
AMDEP_TRUE=''
AMTAR='$${TAR-tar}'
AM_BACKSLASH='\'
AM_DEFAULT_V='$(AM_DEFAULT_VERBOSITY)'
AM_DEFAULT_VERBOSITY='1'
AM_V='$(V)'
AR='ar'
AUTOCONF='autoconf'
AUTOHEADER='autoheader'
AUTOMAKE='automake-1.13'
AWK='gawk'
CC='gcc'
CCDEPMODE='depmode=gcc3'
CC_FOR_BUILD='$(CC)'
CFLAGS='-g -O2'
COMP_VENDOR_CFLAGS='-DNDEBUG -std=gnu99 -ffast-math -Wall -Wunused-variable -Wwrite-strings -Wstrict-prototypes -Wmissing-prototypes'
COMP_VENDOR_LDFLAGS=''
COND_DOC_FALSE=''
COND_DOC_TRUE='#'
COND_MMX_FALSE=''
COND_MMX_TRUE='#'
COND_SSE2_FALSE=''
COND_SSE2_TRUE='#'
COND_SSE3_FALSE=''
COND_SSE3_TRUE='#'
COND_SSE4A_FALSE=''
COND_SSE4A_TRUE='#'
COND_SSE4_1_FALSE=''
COND_SSE4_1_TRUE='#'
COND_SSE4_2_FALSE=''
COND_SSE4_2_TRUE='#'
COND_SSE5_FALSE=''
COND_SSE5_TRUE='#'
COND_SSE_FALSE=''
COND_SSE_TRUE='#'
COND_TESTDATA_FALSE=''
COND_TESTDATA_TRUE='#'
COND_TESTS_FALSE=''
COND_TESTS_TRUE='#'
CPP='gcc -E'
CPPFLAGS=''
CXX='g++'
CXXCPP='g++ -E'
CXXDEPMODE='depmode=gcc3'
CXXFLAGS='-g -O2'
CYGPATH_W='echo'
DEFS='-DHAVE_CONFIG_H'
DEPDIR='.deps'
DLLTOOL='false'
DSYMUTIL=''
DUMPBIN=''
ECHO_C=''
ECHO_N='-n'
ECHO_T=''
EGREP='/usr/bin/grep -E'
EXEEXT=''
FGREP='/usr/bin/grep -F'
G722_1_LT_AGE='0'
G722_1_LT_CURRENT='0'
G722_1_LT_REVISION='2'
G722_1_USE_FIXED_POINT='#undef G722_1_USE_FIXED_POINT'
G722_1_VECTORS_FOR_TESTS='floating'
GREP='/usr/bin/grep'
INSERT_INTTYPES_HEADER='#include <inttypes.h>'
INSERT_MATH_HEADER='#include <math.h>'
INSERT_STDINT_HEADER='#include <stdint.h>'
INSERT_TGMATH_HEADER='#include <tgmath.h>'
INSTALL_DATA='${INSTALL} -m 644'
INSTALL_PROGRAM='${INSTALL}'
INSTALL_SCRIPT='${INSTALL}'
INSTALL_STRIP_PROGRAM='$(install_sh) -c -s'
LD='/usr/bin/ld'
LDFLAGS=''
LIBOBJS=''
LIBS='-lm '
LIBTOOL='$(SHELL) $(top_builddir)/libtool'
LIPO=''
LN_S='ln -s'
LTLIBOBJS=''
MAKEINFO='makeinfo'
MANIFEST_TOOL=':'
MKDIR_P='/usr/bin/mkdir -p'
NM='/usr/bin/nm -B'
NMEDIT=''
OBJDUMP='objdump'
OBJEXT='o'
OTOOL64=''
OTOOL=''
PACKAGE='g722_1'
PACKAGE_BUGREPORT=''
PACKAGE_NAME='g722_1'
PACKAGE_STRING='g722_1 0.2.0'
PACKAGE_TARNAME='g722_1'
PACKAGE_URL=''
PACKAGE_VERSION='0.2.0'
PATH_SEPARATOR=':'
RANLIB='ranlib'
SED='/usr/bin/sed'
SET_MAKE=''
SHELL='/bin/bash'
STRIP='strip'
TESTLIBS=''
VERSION='0.2.0'
ac_ct_AR='ar'
ac_ct_CC='gcc'
ac_ct_CXX='g++'
ac_ct_DUMPBIN=''
am__EXEEXT_FALSE=''
am__EXEEXT_TRUE='#'
am__fastdepCC_FALSE='#'
am__fastdepCC_TRUE=''
am__fastdepCXX_FALSE='#'
am__fastdepCXX_TRUE=''
am__include='include'
am__isrc=''
am__leading_dot='.'
am__nodep='_no'
am__quote=''
am__tar='$${TAR-tar} chof - "$$tardir"'
am__untar='$${TAR-tar} xf -'
bindir='${exec_prefix}/bin'
build='i686-pc-linux-gnu'
build_alias=''
build_cpu='i686'
build_os='linux-gnu'
build_vendor='pc'
datadir='${datarootdir}'
datarootdir='${prefix}/share'
docdir='${datarootdir}/doc/${PACKAGE_TARNAME}'
dvidir='${docdir}'
exec_prefix='${prefix}'
host='i686-pc-linux-gnu'
host_alias=''
host_cpu='i686'
host_os='linux-gnu'
host_vendor='pc'
htmldir='${docdir}'
includedir='${prefix}/include'
infodir='${datarootdir}/info'
install_sh='${SHELL} /home/ajoi1011/Applications/opal/plugins/audio/G.722.1/libg722_1/config/install-sh'
libdir='${exec_prefix}/lib'
libexecdir='${exec_prefix}/libexec'
localedir='${datarootdir}/locale'
localstatedir='${prefix}/var'
mandir='${datarootdir}/man'
mkdir_p='$(MKDIR_P)'
oldincludedir='/usr/include'
pdfdir='${docdir}'
prefix='/usr/local'
program_transform_name='s,x,x,'
psdir='${docdir}'
runstatedir='${localstatedir}/run'
sbindir='${exec_prefix}/sbin'
sharedstatedir='${prefix}/com'
sysconfdir='${prefix}/etc'
target_alias=''

## ----------- ##
## confdefs.h. ##
## ----------- ##

/* confdefs.h */
#define PACKAGE_NAME "g722_1"
#define PACKAGE_TARNAME "g722_1"
#define PACKAGE_VERSION "0.2.0"
#define PACKAGE_STRING "g722_1 0.2.0"
#define PACKAGE_BUGREPORT ""
#define PACKAGE_URL ""
#define PACKAGE "g722_1"
#define VERSION "0.2.0"
#define STDC_HEADERS 1
#define HAVE_SYS_TYPES_H 1
#define HAVE_SYS_STAT_H 1
#define HAVE_STDLIB_H 1
#define HAVE_STRING_H 1
#define HAVE_MEMORY_H 1
#define HAVE_STRINGS_H 1
#define HAVE_INTTYPES_H 1
#define HAVE_STDINT_H 1
#define HAVE_UNISTD_H 1
#define HAVE_DLFCN_H 1
#define LT_OBJDIR ".libs/"
#define HAVE_LONG_LONG 1
#define HAVE_LONG_DOUBLE 1
#define RETSIGTYPE void
#define HAVE_VPRINTF 1
#define HAVE_STDLIB_H 1
#define HAVE_MALLOC 1
#define HAVE_STDLIB_H 1
#define HAVE_REALLOC 1
#define HAVE_SYS_SELECT_H 1
#define HAVE_SYS_SOCKET_H 1
#define SELECT_TYPE_ARG1 int
#define SELECT_TYPE_ARG234 (fd_set *)
#define SELECT_TYPE_ARG5 (struct timeval *)
#define HAVE_MEMMOVE 1
#define HAVE_MEMSET 1
#define HAVE_SELECT 1
#define HAVE_STRCASECMP 1
#define HAVE_STRCHR 1
#define HAVE_STRDUP 1
#define HAVE_STRERROR 1
#define HAVE_STRSTR 1
#define HAVE_STRTOL 1
#define HAVE_GETTIMEOFDAY 1
#define STDC_HEADERS 1
#define HAVE_SYS_WAIT_H 1
#define TIME_WITH_SYS_TIME 1
#define HAVE_INTTYPES_H 1
#define HAVE_STDINT_H 1
#define HAVE_UNISTD_H 1
#define HAVE_STDLIB_H 1
#define HAVE_STRING_H 1
#define HAVE_STRINGS_H 1
#define HAVE_MALLOC_H 1
#define HAVE_TGMATH_H 1
#define HAVE_MATH_H 1
#define HAVE_FLOAT_H 1
#define HAVE_FCNTL_H 1
#define HAVE_SYS_TIME_H 1
#define HAVE_SYS_SELECT_H 1
#define HAVE_SYS_IOCTL_H 1
#define HAVE_SYS_FCNTL_H 1
#define HAVE_LIBM 1
#define HAVE_SINF 1
#define HAVE_COSF 1
#define HAVE_TANF 1
#define HAVE_ASINF 1
#define HAVE_ACOSF 1
#define HAVE_ATANF 1
#define HAVE_ATAN2F 1
#define HAVE_CEILF 1
#define HAVE_FLOORF 1
#define HAVE_POWF 1
#define HAVE_EXPF 1
#define HAVE_LOGF 1
#define HAVE_LOG10F 1

configure: exit 0
